\BOOKMARK [0][-]{chapter.1}{Introducci\363n}{}% 1
\BOOKMARK [0][-]{chapter.2}{Marco Te\363rico}{}% 2
\BOOKMARK [1][-]{section.2.1}{El campo el\351ctrico y el potencial el\351ctrico}{chapter.2}% 3
\BOOKMARK [1][-]{section.2.2}{La permitividad de un medio material, la polarizaci\363n y el campo el\351ctrico microsc\363pico}{chapter.2}% 4
\BOOKMARK [2][-]{subsection.2.2.1}{Campo el\351ctrico local y polarizaci\363n}{section.2.2}% 5
\BOOKMARK [2][-]{subsection.2.2.2}{Permitividad de un medio macrosc\363pico}{section.2.2}% 6
\BOOKMARK [1][-]{section.2.3}{Desplazamiento el\351ctrico y campo el\351ctrico en un medio diel\351ctrico}{chapter.2}% 7
\BOOKMARK [1][-]{section.2.4}{M\351todo de im\341genes}{chapter.2}% 8
\BOOKMARK [2][-]{subsection.2.4.1}{Campo de reacci\363n en un sistema con una interfaz y una carga puntual}{section.2.4}% 9
\BOOKMARK [1][-]{section.2.5}{El M\351todo de Elementos de Borde}{chapter.2}% 10
\BOOKMARK [1][-]{section.2.6}{El contexto biol\363gico de la membrana celular}{chapter.2}% 11
\BOOKMARK [0][-]{chapter.3}{Metodolog\355a, funcionamiento e implementaci\363n}{}% 12
\BOOKMARK [1][-]{section.3.1}{Representaci\363n del modelo de solvente impl\355cito mediante BEM}{chapter.3}% 13
\BOOKMARK [2][-]{subsection.3.1.1}{Solvent Excluded y Solvent Accesible Surface}{section.3.1}% 14
\BOOKMARK [2][-]{subsection.3.1.2}{La ecuaci\363n de Poisson - Boltzmann \(PB\) y la Boundary Integral Equation \(BIE\)}{section.3.1}% 15
\BOOKMARK [1][-]{section.3.2}{Descripci\363n del software utilizado}{chapter.3}% 16
\BOOKMARK [2][-]{subsection.3.2.1}{MSMS}{section.3.2}% 17
\BOOKMARK [2][-]{subsection.3.2.2}{APBS}{section.3.2}% 18
\BOOKMARK [2][-]{subsection.3.2.3}{APBSmem}{section.3.2}% 19
\BOOKMARK [2][-]{subsection.3.2.4}{PyGBe}{section.3.2}% 20
\BOOKMARK [1][-]{section.3.3}{Implementaci\363n del m\351todo de im\341genes en el programa PyGBe}{chapter.3}% 21
\BOOKMARK [2][-]{subsection.3.3.1}{Modelo de un sistema de tres medios diel\351ctricos con dos interfaces}{section.3.3}% 22
\BOOKMARK [2][-]{subsection.3.3.2}{El m\351todo BEM y PyGBe con inclusi\363n del efecto de la membrana}{section.3.3}% 23
\BOOKMARK [2][-]{subsection.3.3.3}{El ciclo termodin\341mico en solvataci\363n}{section.3.3}% 24
\BOOKMARK [0][-]{chapter.4}{Resultados}{}% 25
\BOOKMARK [1][-]{section.4.1}{C\341lculo num\351rico de las energ\355as}{chapter.4}% 26
\BOOKMARK [2][-]{subsection.4.1.1}{Resultados mediante PyGBe}{section.4.1}% 27
\BOOKMARK [2][-]{subsection.4.1.2}{Resultados mediante APBS - APBSmem}{section.4.1}% 28
\BOOKMARK [1][-]{section.4.2}{Extrapolaci\363n de Richardson y convergencia}{chapter.4}% 29
\BOOKMARK [1][-]{section.4.3}{An\341lisis de Resultados}{chapter.4}% 30
\BOOKMARK [0][-]{chapter.5}{Conclusiones}{}% 31
\BOOKMARK [1][-]{section.5.1}{Continuaci\363n del trabajo}{chapter.5}% 32
