This is pdfTeX, Version 3.14159265-2.6-1.40.18 (TeX Live 2017/Debian) (preloaded format=pdflatex 2019.4.1)  12 SEP 2019 15:51
entering extended mode
 restricted \write18 enabled.
 %&-line parsing enabled.
**Memoria.tex
(./Memoria.tex
LaTeX2e <2017-04-15>
Babel <3.18> and hyphenation patterns for 5 language(s) loaded.
(./ezthesis.cls
Document Class: ezthesis 2007/08/08 A custom thesis class
(/usr/share/texlive/texmf-dist/tex/latex/base/report.cls
Document Class: report 2014/09/29 v1.4h Standard LaTeX document class
(/usr/share/texlive/texmf-dist/tex/latex/base/size12.clo
File: size12.clo 2014/09/29 v1.4h Standard LaTeX file (size option)
)
\c@part=\count79
\c@chapter=\count80
\c@section=\count81
\c@subsection=\count82
\c@subsubsection=\count83
\c@paragraph=\count84
\c@subparagraph=\count85
\c@figure=\count86
\c@table=\count87
\abovecaptionskip=\skip41
\belowcaptionskip=\skip42
\bibindent=\dimen102
)
\hours=\count88
\minutes=\count89

(/usr/share/texlive/texmf-dist/tex/latex/setspace/setspace.sty
Package: setspace 2011/12/19 v6.7a set line spacing
)
(/usr/share/texlive/texmf-dist/tex/latex/geometry/geometry.sty
Package: geometry 2010/09/12 v5.6 Page Geometry

(/usr/share/texlive/texmf-dist/tex/latex/graphics/keyval.sty
Package: keyval 2014/10/28 v1.15 key=value parser (DPC)
\KV@toks@=\toks14
)
(/usr/share/texlive/texmf-dist/tex/generic/oberdiek/ifpdf.sty
Package: ifpdf 2017/03/15 v3.2 Provides the ifpdf switch
)
(/usr/share/texlive/texmf-dist/tex/generic/oberdiek/ifvtex.sty
Package: ifvtex 2016/05/16 v1.6 Detect VTeX and its facilities (HO)
Package ifvtex Info: VTeX not detected.
)
(/usr/share/texlive/texmf-dist/tex/generic/ifxetex/ifxetex.sty
Package: ifxetex 2010/09/12 v0.6 Provides ifxetex conditional
)
\Gm@cnth=\count90
\Gm@cntv=\count91
\c@Gm@tempcnt=\count92
\Gm@bindingoffset=\dimen103
\Gm@wd@mp=\dimen104
\Gm@odd@mp=\dimen105
\Gm@even@mp=\dimen106
\Gm@layoutwidth=\dimen107
\Gm@layoutheight=\dimen108
\Gm@layouthoffset=\dimen109
\Gm@layoutvoffset=\dimen110
\Gm@dimlist=\toks15
)
(/usr/share/texlive/texmf-dist/tex/latex/fancyhdr/fancyhdr.sty
Package: fancyhdr 2017/06/30 v3.9a Extensive control of page headers and footer
s
\f@nch@headwidth=\skip43
\f@nch@O@elh=\skip44
\f@nch@O@erh=\skip45
\f@nch@O@olh=\skip46
\f@nch@O@orh=\skip47
\f@nch@O@elf=\skip48
\f@nch@O@erf=\skip49
\f@nch@O@olf=\skip50
\f@nch@O@orf=\skip51
)
(/usr/share/texlive/texmf-dist/tex/latex/natbib/natbib.sty
Package: natbib 2010/09/13 8.31b (PWD, AO)
\bibhang=\skip52
\bibsep=\skip53
LaTeX Info: Redefining \cite on input line 694.
\c@NAT@ctr=\count93
))
(/usr/share/texlive/texmf-dist/tex/latex/base/inputenc.sty
Package: inputenc 2015/03/17 v1.2c Input encoding file
\inpenc@prehook=\toks16
\inpenc@posthook=\toks17

(/usr/share/texlive/texmf-dist/tex/latex/ucs/utf8x.def
File: utf8x.def 2004/10/17 UCS: Input encoding UTF-8
))
(/usr/share/texlive/texmf-dist/tex/latex/ucs/ucs.sty
Package: ucs 2013/05/11 v2.2 UCS: Unicode input support

(/usr/share/texlive/texmf-dist/tex/latex/ucs/data/uni-global.def
File: uni-global.def 2013/05/13 UCS: Unicode global data
)
\uc@secondtry=\count94
\uc@combtoks=\toks18
\uc@combtoksb=\toks19
\uc@temptokena=\toks20
)
(/usr/share/texlive/texmf-dist/tex/latex/footmisc/footmisc.sty
Package: footmisc 2011/06/06 v5.5b a miscellany of footnote facilities
\FN@temptoken=\toks21
\footnotemargin=\dimen111
\c@pp@next@reset=\count95
Package footmisc Info: Declaring symbol style bringhurst on input line 855.
Package footmisc Info: Declaring symbol style chicago on input line 863.
Package footmisc Info: Declaring symbol style wiley on input line 872.
Package footmisc Info: Declaring symbol style lamport-robust on input line 883.

Package footmisc Info: Declaring symbol style lamport* on input line 903.
Package footmisc Info: Declaring symbol style lamport*-robust on input line 924
.
)
(/usr/share/texlive/texmf-dist/tex/latex/graphics/graphicx.sty
Package: graphicx 2017/06/01 v1.1a Enhanced LaTeX Graphics (DPC,SPQR)

(/usr/share/texlive/texmf-dist/tex/latex/graphics/graphics.sty
Package: graphics 2017/06/25 v1.2c Standard LaTeX Graphics (DPC,SPQR)

(/usr/share/texlive/texmf-dist/tex/latex/graphics/trig.sty
Package: trig 2016/01/03 v1.10 sin cos tan (DPC)
)
(/usr/share/texlive/texmf-dist/tex/latex/graphics-cfg/graphics.cfg
File: graphics.cfg 2016/06/04 v1.11 sample graphics configuration
)
Package graphics Info: Driver file: pdftex.def on input line 99.

(/usr/share/texlive/texmf-dist/tex/latex/graphics-def/pdftex.def
File: pdftex.def 2018/01/08 v1.0l Graphics/color driver for pdftex
))
\Gin@req@height=\dimen112
\Gin@req@width=\dimen113
)
(/usr/share/texlive/texmf-dist/tex/latex/tools/tabularx.sty
Package: tabularx 2016/02/03 v2.11 `tabularx' package (DPC)

(/usr/share/texlive/texmf-dist/tex/latex/tools/array.sty
Package: array 2016/10/06 v2.4d Tabular extension package (FMi)
\col@sep=\dimen114
\extrarowheight=\dimen115
\NC@list=\toks22
\extratabsurround=\skip54
\backup@length=\skip55
)
\TX@col@width=\dimen116
\TX@old@table=\dimen117
\TX@old@col=\dimen118
\TX@target=\dimen119
\TX@delta=\dimen120
\TX@cols=\count96
\TX@ftn=\toks23
)
(/usr/share/texlive/texmf-dist/tex/latex/pbox/pbox.sty
Package: pbox 2011/12/07 v1.2 Dynamic parboxes

(/usr/share/texlive/texmf-dist/tex/latex/tools/calc.sty
Package: calc 2014/10/28 v4.3 Infix arithmetic (KKT,FJ)
\calc@Acount=\count97
\calc@Bcount=\count98
\calc@Adimen=\dimen121
\calc@Bdimen=\dimen122
\calc@Askip=\skip56
\calc@Bskip=\skip57
LaTeX Info: Redefining \setlength on input line 80.
LaTeX Info: Redefining \addtolength on input line 81.
\calc@Ccount=\count99
\calc@Cskip=\skip58
)
(/usr/share/texlive/texmf-dist/tex/latex/base/ifthen.sty
Package: ifthen 2014/09/29 v1.1c Standard LaTeX ifthen package (DPC)
)
\pb@xlen=\skip59
)
(/usr/share/texlive/texmf-dist/tex/latex/cancel/cancel.sty
Package: cancel 2013/04/12 v2.2 Cancel math terms
)
(/usr/share/texlive/texmf-dist/tex/latex/float/float.sty
Package: float 2001/11/08 v1.3d Float enhancements (AL)
\c@float@type=\count100
\float@exts=\toks24
\float@box=\box26
\@float@everytoks=\toks25
\@floatcapt=\box27
)
(/usr/share/texlive/texmf-dist/tex/latex/caption/caption.sty
Package: caption 2016/02/21 v3.3-144 Customizing captions (AR)

(/usr/share/texlive/texmf-dist/tex/latex/caption/caption3.sty
Package: caption3 2016/05/22 v1.7-166 caption3 kernel (AR)
Package caption3 Info: TeX engine: e-TeX on input line 67.
\captionmargin=\dimen123
\captionmargin@=\dimen124
\captionwidth=\dimen125
\caption@tempdima=\dimen126
\caption@indent=\dimen127
\caption@parindent=\dimen128
\caption@hangindent=\dimen129
)
\c@ContinuedFloat=\count101
Package caption Info: float package is loaded.
)
(/usr/share/texlive/texmf-dist/tex/latex/multirow/multirow.sty
Package: multirow 2016/11/25 v2.2 Span multiple rows of a table
\multirow@colwidth=\skip60
\multirow@cntb=\count102
\multirow@dima=\skip61
\bigstrutjot=\dimen130
)
(/usr/share/texlive/texmf-dist/tex/latex/caption/newfloat.sty
Package: newfloat 2015/09/17 v1.1-109 Defining new floating environments (AR)
)
(/usr/share/texlive/texmf-dist/tex/latex/was/gensymb.sty
Package: gensymb 2003/07/02 v1.0 (WaS)
)
(/usr/share/texlive/texmf-dist/tex/latex/amsfonts/amssymb.sty
Package: amssymb 2013/01/14 v3.01 AMS font symbols

(/usr/share/texlive/texmf-dist/tex/latex/amsfonts/amsfonts.sty
Package: amsfonts 2013/01/14 v3.01 Basic AMSFonts support
\@emptytoks=\toks26
\symAMSa=\mathgroup4
\symAMSb=\mathgroup5
LaTeX Font Info:    Overwriting math alphabet `\mathfrak' in version `bold'
(Font)                  U/euf/m/n --> U/euf/b/n on input line 106.
))
(/usr/share/texlive/texmf-dist/tex/latex/amsmath/amsmath.sty
Package: amsmath 2017/09/02 v2.17a AMS math features
\@mathmargin=\skip62

For additional information on amsmath, use the `?' option.
(/usr/share/texlive/texmf-dist/tex/latex/amsmath/amstext.sty
Package: amstext 2000/06/29 v2.01 AMS text

(/usr/share/texlive/texmf-dist/tex/latex/amsmath/amsgen.sty
File: amsgen.sty 1999/11/30 v2.0 generic functions
\@emptytoks=\toks27
\ex@=\dimen131
))
(/usr/share/texlive/texmf-dist/tex/latex/amsmath/amsbsy.sty
Package: amsbsy 1999/11/29 v1.2d Bold Symbols
\pmbraise@=\dimen132
)
(/usr/share/texlive/texmf-dist/tex/latex/amsmath/amsopn.sty
Package: amsopn 2016/03/08 v2.02 operator names
)
\inf@bad=\count103
LaTeX Info: Redefining \frac on input line 213.
\uproot@=\count104
\leftroot@=\count105
LaTeX Info: Redefining \overline on input line 375.
\classnum@=\count106
\DOTSCASE@=\count107
LaTeX Info: Redefining \ldots on input line 472.
LaTeX Info: Redefining \dots on input line 475.
LaTeX Info: Redefining \cdots on input line 596.
\Mathstrutbox@=\box28
\strutbox@=\box29
\big@size=\dimen133
LaTeX Font Info:    Redeclaring font encoding OML on input line 712.
LaTeX Font Info:    Redeclaring font encoding OMS on input line 713.
\macc@depth=\count108
\c@MaxMatrixCols=\count109
\dotsspace@=\muskip10
\c@parentequation=\count110
\dspbrk@lvl=\count111
\tag@help=\toks28
\row@=\count112
\column@=\count113
\maxfields@=\count114
\andhelp@=\toks29
\eqnshift@=\dimen134
\alignsep@=\dimen135
\tagshift@=\dimen136
\tagwidth@=\dimen137
\totwidth@=\dimen138
\lineht@=\dimen139
\@envbody=\toks30
\multlinegap=\skip63
\multlinetaggap=\skip64
\mathdisplay@stack=\toks31
LaTeX Info: Redefining \[ on input line 2817.
LaTeX Info: Redefining \] on input line 2818.
)
(/usr/share/texlive/texmf-dist/tex/latex/xcolor/xcolor.sty
Package: xcolor 2016/05/11 v2.12 LaTeX color extensions (UK)

(/usr/share/texlive/texmf-dist/tex/latex/graphics-cfg/color.cfg
File: color.cfg 2016/01/02 v1.6 sample color configuration
)
Package xcolor Info: Driver file: pdftex.def on input line 225.
Package xcolor Info: Model `cmy' substituted by `cmy0' on input line 1348.
Package xcolor Info: Model `hsb' substituted by `rgb' on input line 1352.
Package xcolor Info: Model `RGB' extended on input line 1364.
Package xcolor Info: Model `HTML' substituted by `rgb' on input line 1366.
Package xcolor Info: Model `Hsb' substituted by `hsb' on input line 1367.
Package xcolor Info: Model `tHsb' substituted by `hsb' on input line 1368.
Package xcolor Info: Model `HSB' substituted by `hsb' on input line 1369.
Package xcolor Info: Model `Gray' substituted by `gray' on input line 1370.
Package xcolor Info: Model `wave' substituted by `hsb' on input line 1371.
)
(/usr/share/texlive/texmf-dist/tex/latex/psnfss/times.sty
Package: times 2005/04/12 PSNFSS-v9.2a (SPQR) 
)
(/usr/share/texlive/texmf-dist/tex/latex/pgf/frontendlayer/tikz.sty
(/usr/share/texlive/texmf-dist/tex/latex/pgf/basiclayer/pgf.sty
(/usr/share/texlive/texmf-dist/tex/latex/pgf/utilities/pgfrcs.sty
(/usr/share/texlive/texmf-dist/tex/generic/pgf/utilities/pgfutil-common.tex
\pgfutil@everybye=\toks32
\pgfutil@tempdima=\dimen140
\pgfutil@tempdimb=\dimen141

(/usr/share/texlive/texmf-dist/tex/generic/pgf/utilities/pgfutil-common-lists.t
ex)) (/usr/share/texlive/texmf-dist/tex/generic/pgf/utilities/pgfutil-latex.def
\pgfutil@abb=\box30
(/usr/share/texlive/texmf-dist/tex/latex/ms/everyshi.sty
Package: everyshi 2001/05/15 v3.00 EveryShipout Package (MS)
))
(/usr/share/texlive/texmf-dist/tex/generic/pgf/utilities/pgfrcs.code.tex
Package: pgfrcs 2015/08/07 v3.0.1a (rcs-revision 1.31)
))
Package: pgf 2015/08/07 v3.0.1a (rcs-revision 1.15)

(/usr/share/texlive/texmf-dist/tex/latex/pgf/basiclayer/pgfcore.sty
(/usr/share/texlive/texmf-dist/tex/latex/pgf/systemlayer/pgfsys.sty
(/usr/share/texlive/texmf-dist/tex/generic/pgf/systemlayer/pgfsys.code.tex
Package: pgfsys 2014/07/09 v3.0.1a (rcs-revision 1.48)

(/usr/share/texlive/texmf-dist/tex/generic/pgf/utilities/pgfkeys.code.tex
\pgfkeys@pathtoks=\toks33
\pgfkeys@temptoks=\toks34

(/usr/share/texlive/texmf-dist/tex/generic/pgf/utilities/pgfkeysfiltered.code.t
ex
\pgfkeys@tmptoks=\toks35
))
\pgf@x=\dimen142
\pgf@y=\dimen143
\pgf@xa=\dimen144
\pgf@ya=\dimen145
\pgf@xb=\dimen146
\pgf@yb=\dimen147
\pgf@xc=\dimen148
\pgf@yc=\dimen149
\w@pgf@writea=\write3
\r@pgf@reada=\read1
\c@pgf@counta=\count115
\c@pgf@countb=\count116
\c@pgf@countc=\count117
\c@pgf@countd=\count118
\t@pgf@toka=\toks36
\t@pgf@tokb=\toks37
\t@pgf@tokc=\toks38
 (/usr/share/texlive/texmf-dist/tex/generic/pgf/systemlayer/pgf.cfg
File: pgf.cfg 2008/05/14  (rcs-revision 1.7)
)
Driver file for pgf: pgfsys-pdftex.def

(/usr/share/texlive/texmf-dist/tex/generic/pgf/systemlayer/pgfsys-pdftex.def
File: pgfsys-pdftex.def 2014/10/11  (rcs-revision 1.35)

(/usr/share/texlive/texmf-dist/tex/generic/pgf/systemlayer/pgfsys-common-pdf.de
f
File: pgfsys-common-pdf.def 2013/10/10  (rcs-revision 1.13)
)))
(/usr/share/texlive/texmf-dist/tex/generic/pgf/systemlayer/pgfsyssoftpath.code.
tex
File: pgfsyssoftpath.code.tex 2013/09/09  (rcs-revision 1.9)
\pgfsyssoftpath@smallbuffer@items=\count119
\pgfsyssoftpath@bigbuffer@items=\count120
)
(/usr/share/texlive/texmf-dist/tex/generic/pgf/systemlayer/pgfsysprotocol.code.
tex
File: pgfsysprotocol.code.tex 2006/10/16  (rcs-revision 1.4)
))
(/usr/share/texlive/texmf-dist/tex/generic/pgf/basiclayer/pgfcore.code.tex
Package: pgfcore 2010/04/11 v3.0.1a (rcs-revision 1.7)

(/usr/share/texlive/texmf-dist/tex/generic/pgf/math/pgfmath.code.tex
(/usr/share/texlive/texmf-dist/tex/generic/pgf/math/pgfmathcalc.code.tex
(/usr/share/texlive/texmf-dist/tex/generic/pgf/math/pgfmathutil.code.tex)
(/usr/share/texlive/texmf-dist/tex/generic/pgf/math/pgfmathparser.code.tex
\pgfmath@dimen=\dimen150
\pgfmath@count=\count121
\pgfmath@box=\box31
\pgfmath@toks=\toks39
\pgfmath@stack@operand=\toks40
\pgfmath@stack@operation=\toks41
)
(/usr/share/texlive/texmf-dist/tex/generic/pgf/math/pgfmathfunctions.code.tex
(/usr/share/texlive/texmf-dist/tex/generic/pgf/math/pgfmathfunctions.basic.code
.tex)
(/usr/share/texlive/texmf-dist/tex/generic/pgf/math/pgfmathfunctions.trigonomet
ric.code.tex)
(/usr/share/texlive/texmf-dist/tex/generic/pgf/math/pgfmathfunctions.random.cod
e.tex)
(/usr/share/texlive/texmf-dist/tex/generic/pgf/math/pgfmathfunctions.comparison
.code.tex)
(/usr/share/texlive/texmf-dist/tex/generic/pgf/math/pgfmathfunctions.base.code.
tex)
(/usr/share/texlive/texmf-dist/tex/generic/pgf/math/pgfmathfunctions.round.code
.tex)
(/usr/share/texlive/texmf-dist/tex/generic/pgf/math/pgfmathfunctions.misc.code.
tex)
(/usr/share/texlive/texmf-dist/tex/generic/pgf/math/pgfmathfunctions.integerari
thmetics.code.tex)))
(/usr/share/texlive/texmf-dist/tex/generic/pgf/math/pgfmathfloat.code.tex
\c@pgfmathroundto@lastzeros=\count122
))
(/usr/share/texlive/texmf-dist/tex/generic/pgf/basiclayer/pgfcorepoints.code.te
x
File: pgfcorepoints.code.tex 2013/10/07  (rcs-revision 1.27)
\pgf@picminx=\dimen151
\pgf@picmaxx=\dimen152
\pgf@picminy=\dimen153
\pgf@picmaxy=\dimen154
\pgf@pathminx=\dimen155
\pgf@pathmaxx=\dimen156
\pgf@pathminy=\dimen157
\pgf@pathmaxy=\dimen158
\pgf@xx=\dimen159
\pgf@xy=\dimen160
\pgf@yx=\dimen161
\pgf@yy=\dimen162
\pgf@zx=\dimen163
\pgf@zy=\dimen164
)
(/usr/share/texlive/texmf-dist/tex/generic/pgf/basiclayer/pgfcorepathconstruct.
code.tex
File: pgfcorepathconstruct.code.tex 2013/10/07  (rcs-revision 1.29)
\pgf@path@lastx=\dimen165
\pgf@path@lasty=\dimen166
)
(/usr/share/texlive/texmf-dist/tex/generic/pgf/basiclayer/pgfcorepathusage.code
.tex
File: pgfcorepathusage.code.tex 2014/11/02  (rcs-revision 1.24)
\pgf@shorten@end@additional=\dimen167
\pgf@shorten@start@additional=\dimen168
)
(/usr/share/texlive/texmf-dist/tex/generic/pgf/basiclayer/pgfcorescopes.code.te
x
File: pgfcorescopes.code.tex 2015/05/08  (rcs-revision 1.46)
\pgfpic=\box32
\pgf@hbox=\box33
\pgf@layerbox@main=\box34
\pgf@picture@serial@count=\count123
)
(/usr/share/texlive/texmf-dist/tex/generic/pgf/basiclayer/pgfcoregraphicstate.c
ode.tex
File: pgfcoregraphicstate.code.tex 2014/11/02  (rcs-revision 1.12)
\pgflinewidth=\dimen169
)
(/usr/share/texlive/texmf-dist/tex/generic/pgf/basiclayer/pgfcoretransformation
s.code.tex
File: pgfcoretransformations.code.tex 2015/08/07  (rcs-revision 1.20)
\pgf@pt@x=\dimen170
\pgf@pt@y=\dimen171
\pgf@pt@temp=\dimen172
)
(/usr/share/texlive/texmf-dist/tex/generic/pgf/basiclayer/pgfcorequick.code.tex
File: pgfcorequick.code.tex 2008/10/09  (rcs-revision 1.3)
)
(/usr/share/texlive/texmf-dist/tex/generic/pgf/basiclayer/pgfcoreobjects.code.t
ex
File: pgfcoreobjects.code.tex 2006/10/11  (rcs-revision 1.2)
)
(/usr/share/texlive/texmf-dist/tex/generic/pgf/basiclayer/pgfcorepathprocessing
.code.tex
File: pgfcorepathprocessing.code.tex 2013/09/09  (rcs-revision 1.9)
)
(/usr/share/texlive/texmf-dist/tex/generic/pgf/basiclayer/pgfcorearrows.code.te
x
File: pgfcorearrows.code.tex 2015/05/14  (rcs-revision 1.43)
\pgfarrowsep=\dimen173
)
(/usr/share/texlive/texmf-dist/tex/generic/pgf/basiclayer/pgfcoreshade.code.tex
File: pgfcoreshade.code.tex 2013/07/15  (rcs-revision 1.15)
\pgf@max=\dimen174
\pgf@sys@shading@range@num=\count124
)
(/usr/share/texlive/texmf-dist/tex/generic/pgf/basiclayer/pgfcoreimage.code.tex
File: pgfcoreimage.code.tex 2013/07/15  (rcs-revision 1.18)

(/usr/share/texlive/texmf-dist/tex/generic/pgf/basiclayer/pgfcoreexternal.code.
tex
File: pgfcoreexternal.code.tex 2014/07/09  (rcs-revision 1.21)
\pgfexternal@startupbox=\box35
))
(/usr/share/texlive/texmf-dist/tex/generic/pgf/basiclayer/pgfcorelayers.code.te
x
File: pgfcorelayers.code.tex 2013/07/18  (rcs-revision 1.7)
)
(/usr/share/texlive/texmf-dist/tex/generic/pgf/basiclayer/pgfcoretransparency.c
ode.tex
File: pgfcoretransparency.code.tex 2013/09/30  (rcs-revision 1.5)
)
(/usr/share/texlive/texmf-dist/tex/generic/pgf/basiclayer/pgfcorepatterns.code.
tex
File: pgfcorepatterns.code.tex 2013/11/07  (rcs-revision 1.5)
)))
(/usr/share/texlive/texmf-dist/tex/generic/pgf/modules/pgfmoduleshapes.code.tex
File: pgfmoduleshapes.code.tex 2014/03/21  (rcs-revision 1.35)
\pgfnodeparttextbox=\box36
) (/usr/share/texlive/texmf-dist/tex/generic/pgf/modules/pgfmoduleplot.code.tex
File: pgfmoduleplot.code.tex 2015/08/03  (rcs-revision 1.13)
)
(/usr/share/texlive/texmf-dist/tex/latex/pgf/compatibility/pgfcomp-version-0-65
.sty
Package: pgfcomp-version-0-65 2007/07/03 v3.0.1a (rcs-revision 1.7)
\pgf@nodesepstart=\dimen175
\pgf@nodesepend=\dimen176
)
(/usr/share/texlive/texmf-dist/tex/latex/pgf/compatibility/pgfcomp-version-1-18
.sty
Package: pgfcomp-version-1-18 2007/07/23 v3.0.1a (rcs-revision 1.1)
)) (/usr/share/texlive/texmf-dist/tex/latex/pgf/utilities/pgffor.sty
(/usr/share/texlive/texmf-dist/tex/latex/pgf/utilities/pgfkeys.sty
(/usr/share/texlive/texmf-dist/tex/generic/pgf/utilities/pgfkeys.code.tex))
(/usr/share/texlive/texmf-dist/tex/latex/pgf/math/pgfmath.sty
(/usr/share/texlive/texmf-dist/tex/generic/pgf/math/pgfmath.code.tex))
(/usr/share/texlive/texmf-dist/tex/generic/pgf/utilities/pgffor.code.tex
Package: pgffor 2013/12/13 v3.0.1a (rcs-revision 1.25)

(/usr/share/texlive/texmf-dist/tex/generic/pgf/math/pgfmath.code.tex)
\pgffor@iter=\dimen177
\pgffor@skip=\dimen178
\pgffor@stack=\toks42
\pgffor@toks=\toks43
))
(/usr/share/texlive/texmf-dist/tex/generic/pgf/frontendlayer/tikz/tikz.code.tex
Package: tikz 2015/08/07 v3.0.1a (rcs-revision 1.151)

(/usr/share/texlive/texmf-dist/tex/generic/pgf/libraries/pgflibraryplothandlers
.code.tex
File: pgflibraryplothandlers.code.tex 2013/08/31 v3.0.1a (rcs-revision 1.20)
\pgf@plot@mark@count=\count125
\pgfplotmarksize=\dimen179
)
\tikz@lastx=\dimen180
\tikz@lasty=\dimen181
\tikz@lastxsaved=\dimen182
\tikz@lastysaved=\dimen183
\tikzleveldistance=\dimen184
\tikzsiblingdistance=\dimen185
\tikz@figbox=\box37
\tikz@figbox@bg=\box38
\tikz@tempbox=\box39
\tikz@tempbox@bg=\box40
\tikztreelevel=\count126
\tikznumberofchildren=\count127
\tikznumberofcurrentchild=\count128
\tikz@fig@count=\count129

(/usr/share/texlive/texmf-dist/tex/generic/pgf/modules/pgfmodulematrix.code.tex
File: pgfmodulematrix.code.tex 2013/09/17  (rcs-revision 1.8)
\pgfmatrixcurrentrow=\count130
\pgfmatrixcurrentcolumn=\count131
\pgf@matrix@numberofcolumns=\count132
)
\tikz@expandcount=\count133

(/usr/share/texlive/texmf-dist/tex/generic/pgf/frontendlayer/tikz/libraries/tik
zlibrarytopaths.code.tex
File: tikzlibrarytopaths.code.tex 2008/06/17 v3.0.1a (rcs-revision 1.2)
)))
(/usr/share/texlive/texmf-dist/tex/latex/listings/listings.sty
\lst@mode=\count134
\lst@gtempboxa=\box41
\lst@token=\toks44
\lst@length=\count135
\lst@currlwidth=\dimen186
\lst@column=\count136
\lst@pos=\count137
\lst@lostspace=\dimen187
\lst@width=\dimen188
\lst@newlines=\count138
\lst@lineno=\count139
\lst@maxwidth=\dimen189

(/usr/share/texlive/texmf-dist/tex/latex/listings/lstmisc.sty
File: lstmisc.sty 2015/06/04 1.6 (Carsten Heinz)
\c@lstnumber=\count140
\lst@skipnumbers=\count141
\lst@framebox=\box42
)
(/usr/share/texlive/texmf-dist/tex/latex/listings/listings.cfg
File: listings.cfg 2015/06/04 1.6 listings configuration
))
Package: listings 2015/06/04 1.6 (Carsten Heinz)
Package newfloat Info: New float `graph' with options `name={Gr\begingroup \let
 \relax \relax \endgroup [Pleaseinsert\PrerenderUnicode{รก}intopreamble]fico}' 
on input line 23.
\c@graph=\count142
Package newfloat Info: float type `graph'=4 on input line 23.

(/usr/share/texlive/texmf-dist/tex/latex/hyperref/hyperref.sty
Package: hyperref 2018/02/06 v6.86b Hypertext links for LaTeX

(/usr/share/texlive/texmf-dist/tex/generic/oberdiek/hobsub-hyperref.sty
Package: hobsub-hyperref 2016/05/16 v1.14 Bundle oberdiek, subset hyperref (HO)


(/usr/share/texlive/texmf-dist/tex/generic/oberdiek/hobsub-generic.sty
Package: hobsub-generic 2016/05/16 v1.14 Bundle oberdiek, subset generic (HO)
Package: hobsub 2016/05/16 v1.14 Construct package bundles (HO)
Package: infwarerr 2016/05/16 v1.4 Providing info/warning/error messages (HO)
Package: ltxcmds 2016/05/16 v1.23 LaTeX kernel commands for general use (HO)
Package: ifluatex 2016/05/16 v1.4 Provides the ifluatex switch (HO)
Package ifluatex Info: LuaTeX not detected.
Package hobsub Info: Skipping package `ifvtex' (already loaded).
Package: intcalc 2016/05/16 v1.2 Expandable calculations with integers (HO)
Package hobsub Info: Skipping package `ifpdf' (already loaded).
Package: etexcmds 2016/05/16 v1.6 Avoid name clashes with e-TeX commands (HO)
Package etexcmds Info: Could not find \expanded.
(etexcmds)             That can mean that you are not using pdfTeX 1.50 or
(etexcmds)             that some package has redefined \expanded.
(etexcmds)             In the latter case, load this package earlier.
Package: kvsetkeys 2016/05/16 v1.17 Key value parser (HO)
Package: kvdefinekeys 2016/05/16 v1.4 Define keys (HO)
Package: pdftexcmds 2018/01/21 v0.26 Utility functions of pdfTeX for LuaTeX (HO
)
Package pdftexcmds Info: LuaTeX not detected.
Package pdftexcmds Info: \pdf@primitive is available.
Package pdftexcmds Info: \pdf@ifprimitive is available.
Package pdftexcmds Info: \pdfdraftmode found.
Package: pdfescape 2016/05/16 v1.14 Implements pdfTeX's escape features (HO)
Package: bigintcalc 2016/05/16 v1.4 Expandable calculations on big integers (HO
)
Package: bitset 2016/05/16 v1.2 Handle bit-vector datatype (HO)
Package: uniquecounter 2016/05/16 v1.3 Provide unlimited unique counter (HO)
)
Package hobsub Info: Skipping package `hobsub' (already loaded).
Package: letltxmacro 2016/05/16 v1.5 Let assignment for LaTeX macros (HO)
Package: hopatch 2016/05/16 v1.3 Wrapper for package hooks (HO)
Package: xcolor-patch 2016/05/16 xcolor patch
Package: atveryend 2016/05/16 v1.9 Hooks at the very end of document (HO)
Package atveryend Info: \enddocument detected (standard20110627).
Package: atbegshi 2016/06/09 v1.18 At begin shipout hook (HO)
Package: refcount 2016/05/16 v3.5 Data extraction from label references (HO)
Package: hycolor 2016/05/16 v1.8 Color options for hyperref/bookmark (HO)
)
(/usr/share/texlive/texmf-dist/tex/latex/oberdiek/auxhook.sty
Package: auxhook 2016/05/16 v1.4 Hooks for auxiliary files (HO)
)
(/usr/share/texlive/texmf-dist/tex/latex/oberdiek/kvoptions.sty
Package: kvoptions 2016/05/16 v3.12 Key value format for package options (HO)
)
\@linkdim=\dimen190
\Hy@linkcounter=\count143
\Hy@pagecounter=\count144

(/usr/share/texlive/texmf-dist/tex/latex/hyperref/pd1enc.def
File: pd1enc.def 2018/02/06 v6.86b Hyperref: PDFDocEncoding definition (HO)
)
\Hy@SavedSpaceFactor=\count145

(/usr/share/texlive/texmf-dist/tex/latex/latexconfig/hyperref.cfg
File: hyperref.cfg 2002/06/06 v1.2 hyperref configuration of TeXLive
)
Package hyperref Info: Hyper figures OFF on input line 4509.
Package hyperref Info: Link nesting OFF on input line 4514.
Package hyperref Info: Hyper index ON on input line 4517.
Package hyperref Info: Plain pages OFF on input line 4524.
Package hyperref Info: Backreferencing OFF on input line 4529.
Package hyperref Info: Implicit mode ON; LaTeX internals redefined.
Package hyperref Info: Bookmarks ON on input line 4762.
\c@Hy@tempcnt=\count146

(/usr/share/texlive/texmf-dist/tex/latex/url/url.sty
\Urlmuskip=\muskip11
Package: url 2013/09/16  ver 3.4  Verb mode for urls, etc.
)
LaTeX Info: Redefining \url on input line 5115.
\XeTeXLinkMargin=\dimen191
\Fld@menulength=\count147
\Field@Width=\dimen192
\Fld@charsize=\dimen193
Package hyperref Info: Hyper figures OFF on input line 6369.
Package hyperref Info: Link nesting OFF on input line 6374.
Package hyperref Info: Hyper index ON on input line 6377.
Package hyperref Info: backreferencing OFF on input line 6384.
Package hyperref Info: Link coloring OFF on input line 6389.
Package hyperref Info: Link coloring with OCG OFF on input line 6394.
Package hyperref Info: PDF/A mode OFF on input line 6399.
LaTeX Info: Redefining \ref on input line 6439.
LaTeX Info: Redefining \pageref on input line 6443.
\Hy@abspage=\count148
\c@Item=\count149
\c@Hfootnote=\count150
)
Package hyperref Info: Driver (autodetected): hpdftex.

(/usr/share/texlive/texmf-dist/tex/latex/hyperref/hpdftex.def
File: hpdftex.def 2018/02/06 v6.86b Hyperref driver for pdfTeX
\Fld@listcount=\count151
\c@bookmark@seq@number=\count152

(/usr/share/texlive/texmf-dist/tex/latex/oberdiek/rerunfilecheck.sty
Package: rerunfilecheck 2016/05/16 v1.8 Rerun checks for auxiliary files (HO)
Package uniquecounter Info: New unique counter `rerunfilecheck' on input line 2
82.
)
\Hy@SectionHShift=\skip65
)
(./Memoria.aux (./Portada/anteportada.aux) (./Portada/portada.aux)
(./Resumen.aux) (./Abstract.aux) (./Anexo_Bromoethane.aux)
(./Anexo_Solv_Energy.aux) (./Anexo_APBS.aux))
\openout1 = `Memoria.aux'.

LaTeX Font Info:    Checking defaults for OML/cmm/m/it on input line 57.
LaTeX Font Info:    ... okay on input line 57.
LaTeX Font Info:    Checking defaults for T1/cmr/m/n on input line 57.
LaTeX Font Info:    ... okay on input line 57.
LaTeX Font Info:    Checking defaults for OT1/cmr/m/n on input line 57.
LaTeX Font Info:    ... okay on input line 57.
LaTeX Font Info:    Checking defaults for OMS/cmsy/m/n on input line 57.
LaTeX Font Info:    ... okay on input line 57.
LaTeX Font Info:    Checking defaults for OMX/cmex/m/n on input line 57.
LaTeX Font Info:    ... okay on input line 57.
LaTeX Font Info:    Checking defaults for U/cmr/m/n on input line 57.
LaTeX Font Info:    ... okay on input line 57.
LaTeX Font Info:    Checking defaults for PD1/pdf/m/n on input line 57.
LaTeX Font Info:    ... okay on input line 57.
LaTeX Font Info:    Try loading font information for OT1+ptm on input line 57.

(/usr/share/texlive/texmf-dist/tex/latex/psnfss/ot1ptm.fd
File: ot1ptm.fd 2001/06/04 font definitions for OT1/ptm.
)
*geometry* driver: auto-detecting
*geometry* detected driver: pdftex
*geometry* verbose mode - [ preamble ] result:
* driver: pdftex
* paper: letterpaper
* layout: <same size as paper>
* layoutoffset:(h,v)=(0.0pt,0.0pt)
* modes: 
* h-part:(L,W,R)=(85.35826pt, 443.57848pt, 85.35826pt)
* v-part:(T,H,B)=(99.58464pt, 595.8007pt, 99.58464pt)
* \paperwidth=614.295pt
* \paperheight=794.96999pt
* \textwidth=443.57848pt
* \textheight=595.8007pt
* \oddsidemargin=13.08827pt
* \evensidemargin=13.08827pt
* \topmargin=-16.13809pt
* \headheight=15.0pt
* \headsep=28.45274pt
* \topskip=12.0pt
* \footskip=30.0pt
* \marginparwidth=42.67912pt
* \marginparsep=10.0pt
* \columnsep=10.0pt
* \skip\footins=10.8pt plus 4.0pt minus 2.0pt
* \hoffset=0.0pt
* \voffset=0.0pt
* \mag=1000
* \@twocolumnfalse
* \@twosidefalse
* \@mparswitchfalse
* \@reversemarginfalse
* (1in=72.27pt=25.4mm, 1cm=28.453pt)

(/usr/share/texlive/texmf-dist/tex/latex/ucs/ucsencs.def
File: ucsencs.def 2011/01/21 Fixes to fontencodings LGR, T3
)
(/usr/share/texlive/texmf-dist/tex/context/base/mkii/supp-pdf.mkii
[Loading MPS to PDF converter (version 2006.09.02).]
\scratchcounter=\count153
\scratchdimen=\dimen194
\scratchbox=\box43
\nofMPsegments=\count154
\nofMParguments=\count155
\everyMPshowfont=\toks45
\MPscratchCnt=\count156
\MPscratchDim=\dimen195
\MPnumerator=\count157
\makeMPintoPDFobject=\count158
\everyMPtoPDFconversion=\toks46
) (/usr/share/texlive/texmf-dist/tex/latex/oberdiek/epstopdf-base.sty
Package: epstopdf-base 2016/05/15 v2.6 Base part for package epstopdf

(/usr/share/texlive/texmf-dist/tex/latex/oberdiek/grfext.sty
Package: grfext 2016/05/16 v1.2 Manage graphics extensions (HO)
)
Package epstopdf-base Info: Redefining graphics rule for `.eps' on input line 4
38.
Package grfext Info: Graphics extension search list:
(grfext)             [.pdf,.png,.jpg,.mps,.jpeg,.jbig2,.jb2,.PDF,.PNG,.JPG,.JPE
G,.JBIG2,.JB2,.eps]
(grfext)             \AppendGraphicsExtensions on input line 456.

(/usr/share/texlive/texmf-dist/tex/latex/latexconfig/epstopdf-sys.cfg
File: epstopdf-sys.cfg 2010/07/13 v1.3 Configuration of (r)epstopdf for TeX Liv
e
))
Package caption Info: Begin \AtBeginDocument code.
Package caption Info: hyperref package is loaded.
Package caption Info: listings package is loaded.
Package caption Info: End \AtBeginDocument code.
LaTeX Info: Redefining \celsius on input line 57.
Package gensymb Info: Faking symbols for \degree and \celsius on input line 57.



Package gensymb Warning: Not defining \perthousand.

LaTeX Info: Redefining \ohm on input line 57.
Package gensymb Info: Using \Omega for \ohm on input line 57.

Package gensymb Warning: Not defining \micro.

ABD: EveryShipout initializing macros
\c@lstlisting=\count159
\AtBeginShipoutBox=\box44
Package hyperref Info: Link coloring OFF on input line 57.

(/usr/share/texlive/texmf-dist/tex/latex/hyperref/nameref.sty
Package: nameref 2016/05/21 v2.44 Cross-referencing by name of section

(/usr/share/texlive/texmf-dist/tex/generic/oberdiek/gettitlestring.sty
Package: gettitlestring 2016/05/16 v1.5 Cleanup title references (HO)
)
\c@section@level=\count160
)
LaTeX Info: Redefining \ref on input line 57.
LaTeX Info: Redefining \pageref on input line 57.
LaTeX Info: Redefining \nameref on input line 57.

(./Memoria.out) (./Memoria.out)
\@outlinefile=\write4
\openout4 = `Memoria.out'.

\openout2 = `Portada/anteportada.aux'.

 (./Portada/anteportada.tex
<Imagenes/utfsm_logo.pdf, id=135, 347.2975pt x 252.945pt>
File: Imagenes/utfsm_logo.pdf Graphic file (type pdf)
<use Imagenes/utfsm_logo.pdf>
Package pdftex.def Info: Imagenes/utfsm_logo.pdf  used on input line 44.
(pdftex.def)             Requested size: 156.26653pt x 113.81102pt.
LaTeX Font Info:    Font shape `OT1/ptm/bx/n' in size <12> not available
(Font)              Font shape `OT1/ptm/b/n' tried instead on input line 45.

(/usr/share/texlive/texmf-dist/tex/latex/ucs/data/uni-0.def
File: uni-0.def 2013/05/13 UCS: Unicode data U+0000..U+00FF
)
LaTeX Font Info:    Font shape `OT1/ptm/bx/sc' in size <17.28> not available
(Font)              Font shape `OT1/ptm/b/sc' tried instead on input line 48.
 [1


{/var/lib/texmf/fonts/map/pdftex/updmap/pdftex.map} <./Imagenes/utfsm_logo.pdf>
])
\openout2 = `Portada/portada.aux'.


(./Portada/portada.tex
File: Imagenes/utfsm_logo.pdf Graphic file (type pdf)
<use Imagenes/utfsm_logo.pdf>
Package pdftex.def Info: Imagenes/utfsm_logo.pdf  used on input line 45.
(pdftex.def)             Requested size: 156.26653pt x 113.81102pt.
LaTeX Font Info:    Font shape `OT1/ptm/bx/sc' in size <10.95> not available
(Font)              Font shape `OT1/ptm/b/sc' tried instead on input line 53.
LaTeX Font Info:    Try loading font information for U+msa on input line 69.

(/usr/share/texlive/texmf-dist/tex/latex/amsfonts/umsa.fd
File: umsa.fd 2013/01/14 v3.01 AMS symbols A
)
LaTeX Font Info:    Try loading font information for U+msb on input line 69.

(/usr/share/texlive/texmf-dist/tex/latex/amsfonts/umsb.fd
File: umsb.fd 2013/01/14 v3.01 AMS symbols B
) [2


])
\openout2 = `Resumen.aux'.

 (./Resumen.tex
LaTeX Font Info:    Font shape `OT1/ptm/bx/n' in size <17.28> not available
(Font)              Font shape `OT1/ptm/b/n' tried instead on input line 1.
LaTeX Font Info:    Try loading font information for OT1+pcr on input line 3.

(/usr/share/texlive/texmf-dist/tex/latex/psnfss/ot1pcr.fd
File: ot1pcr.fd 2001/06/04 font definitions for OT1/pcr.
))
Underfull \hbox (badness 10000) in paragraph at lines 2--62

 []

[3


]
\openout2 = `Abstract.aux'.

 (./Abstract.tex)
Underfull \hbox (badness 10000) in paragraph at lines 2--64

 []

[4


]
Underfull \hbox (badness 10000) in paragraph at lines 67--70

 []


Underfull \hbox (badness 10000) in paragraph at lines 67--70

 []


Underfull \hbox (badness 10000) in paragraph at lines 67--70

 []


Underfull \hbox (badness 10000) in paragraph at lines 67--70

 []


Underfull \hbox (badness 10000) in paragraph at lines 67--70

 []

LaTeX Font Info:    Font shape `OT1/ptm/bx/n' in size <14.4> not available
(Font)              Font shape `OT1/ptm/b/n' tried instead on input line 74.
[5

]
LaTeX Font Info:    Font shape `OT1/ptm/bx/n' in size <24.88> not available
(Font)              Font shape `OT1/ptm/b/n' tried instead on input line 78.
 (./Memoria.toc
Overfull \hbox (17.64886pt too wide) in paragraph at lines 7--7
 [][] [][]\OT1/ptm/m/n/14.4 Desplazamiento el[]ectrico y campo el[]ectrico en u
n medio diel[]ectrico[] [][]  
 []

[6

])
\tf@toc=\write5
\openout5 = `Memoria.toc'.

 [7] [8]
Cap\'itulo 1.

Underfull \hbox (badness 10000) in paragraph at lines 82--86

 []


Underfull \hbox (badness 10000) in paragraph at lines 82--86

 []


Underfull \hbox (badness 10000) in paragraph at lines 82--86

 []

[9

] (./Figures/Fig_Intro.eps_tex
Package epstopdf Info: Source file: <./Figures/Fig_Intro.eps>
(epstopdf)                    date: 2019-09-12 11:07:19
(epstopdf)                    size: 5827 bytes
(epstopdf)             Output file: <./Figures/Fig_Intro-eps-converted-to.pdf>
(epstopdf)                    date: 2019-09-12 11:09:30
(epstopdf)                    size: 3489 bytes
(epstopdf)             Command: <repstopdf --outfile=./Figures/Fig_Intro-eps-co
nverted-to.pdf ./Figures/Fig_Intro.eps>
(epstopdf)             \includegraphics on input line 56.
Package epstopdf Info: Output file is already uptodate.


pdfTeX warning: pdflatex (file ./Figures/Fig_Intro-eps-converted-to.pdf): PDF i
nclusion: found PDF version <1.7>, but at most version <1.5> allowed
<./Figures/Fig_Intro-eps-converted-to.pdf, id=221, 270.00874pt x 145.54375pt>
File: ./Figures/Fig_Intro-eps-converted-to.pdf Graphic file (type pdf)
<use ./Figures/Fig_Intro-eps-converted-to.pdf>
Package pdftex.def Info: ./Figures/Fig_Intro-eps-converted-to.pdf  used on inpu
t line 56.
(pdftex.def)             Requested size: 250.9375pt x 135.26765pt.
)

LaTeX Warning: `h' float specifier changed to `ht'.


Underfull \hbox (badness 10000) in paragraph at lines 92--97

 []


Underfull \vbox (badness 10000) has occurred while \output is active []

 [10]
[11 <./Figures/Fig_Intro-eps-converted-to.pdf>] [12]
Cap\'itulo 2.

Underfull \hbox (badness 10000) in paragraph at lines 107--110

 []


Underfull \vbox (badness 10000) has occurred while \output is active []

 [13

]
Underfull \vbox (badness 10000) has occurred while \output is active []

 [14]
Underfull \hbox (badness 10000) in paragraph at lines 139--141

 []


Overfull \hbox (2.28413pt too wide) in paragraph at lines 139--141
\OT1/ptm/m/n/14.4 tambi[]en \OT1/ptm/m/it/14.4 con-stante diel[]ectrica \OT1/pt
m/m/n/14.4 del medio, y en re-al-i-dad es un con-cepto derivado
 []


Underfull \vbox (badness 10000) has occurred while \output is active []

 [15]
Underfull \vbox (badness 10000) has occurred while \output is active []

 [16]
(./Figures/Fig_1.eps_tex
Package epstopdf Info: Source file: <./Figures/Fig_1.eps>
(epstopdf)                    date: 2019-04-01 14:43:51
(epstopdf)                    size: 5663 bytes
(epstopdf)             Output file: <./Figures/Fig_1-eps-converted-to.pdf>
(epstopdf)                    date: 2019-04-01 14:43:51
(epstopdf)                    size: 3163 bytes
(epstopdf)             Command: <repstopdf --outfile=./Figures/Fig_1-eps-conver
ted-to.pdf ./Figures/Fig_1.eps>
(epstopdf)             \includegraphics on input line 52.
Package epstopdf Info: Output file is already uptodate.
<./Figures/Fig_1-eps-converted-to.pdf, id=280, 249.93375pt x 107.40125pt>
File: ./Figures/Fig_1-eps-converted-to.pdf Graphic file (type pdf)
<use ./Figures/Fig_1-eps-converted-to.pdf>
Package pdftex.def Info: ./Figures/Fig_1-eps-converted-to.pdf  used on input li
ne 52.
(pdftex.def)             Requested size: 321.2pt x 138.04013pt.
)
Overfull \hbox (18.5135pt too wide) in paragraph at lines 149--151
\OT1/ptm/m/n/14.4 Cuando se aplica un campo el[]ectrico ex-terno a un cuerpo o 
medio (macrosc[]opico)
 []


Overfull \hbox (7.54031pt too wide) in paragraph at lines 149--151
\OT1/ptm/m/n/14.4 es-pe-cial. Por ejem-plo, en la figura []2.1[] se mues-tra un
 []atomo sim-ple de hidr[]ogeno
 []

[17 <./Figures/Fig_1-eps-converted-to.pdf>]
Overfull \hbox (31.862pt too wide) in paragraph at lines 168--171
\OT1/ptm/m/n/14.4 sino el pro-pio de un vol-u-men macrosc[]opicamente peque[]no
 pero mi-crosc[]opicamente
 []


Overfull \hbox (14.87pt too wide) in paragraph at lines 168--171
\OT1/ptm/m/n/14.4 dios so-bre vol[]umenes m[]as peque[]nos que el campo de las 
ecua-ciones de Maxwell.
 []


Underfull \vbox (badness 10000) has occurred while \output is active []

 [18]
Overfull \hbox (10.76164pt too wide) in paragraph at lines 174--177
\OT1/ptm/m/n/14.4 donde $\OML/cmm/m/it/14.4 ^^T$ \OT1/ptm/m/n/14.4 es un fac-to
r de cor-recci[]on que de-pende del or-de-namiento mi-crosc[]opico.
 []


Underfull \hbox (badness 10000) in paragraph at lines 181--186

 []


Overfull \hbox (35.60555pt too wide) in paragraph at lines 181--186
\OT1/ptm/m/n/14.4 Como con-cepto, la den-si-dad de po-lar-izaci[]on es la po-la
r-izaci[]on a nivel macrosc[]opico,
 []


Underfull \hbox (badness 10000) in paragraph at lines 181--186

 []


Underfull \vbox (badness 10000) has occurred while \output is active []

 [19]
Underfull \vbox (badness 10000) has occurred while \output is active []

 [20]
Underfull \hbox (badness 10000) in paragraph at lines 190--194

 []


Overfull \hbox (4.83244pt too wide) in paragraph at lines 190--194
\OT1/ptm/m/n/14.4 ple-mente aclarar que am-bos an[]alisis no son in-de-pen-di-e
ntes y que el tratamiento
 []


Underfull \hbox (badness 10000) in paragraph at lines 196--204

 []

[21]
Underfull \vbox (badness 10000) has occurred while \output is active []

 [22]
Underfull \hbox (badness 10000) in paragraph at lines 211--214

 []


Underfull \hbox (badness 10000) in paragraph at lines 211--214

 []

[23]
Underfull \hbox (badness 10000) in paragraph at lines 229--233

 []


Underfull \vbox (badness 10000) has occurred while \output is active []

 [24]
Underfull \hbox (badness 10000) in paragraph at lines 244--247

 []


Underfull \hbox (badness 10000) in paragraph at lines 244--247

 []

[25] (./Figures/Fig_2.eps_tex
Package epstopdf Info: Source file: <./Figures/Fig_2.eps>
(epstopdf)                    date: 2019-04-01 14:43:51
(epstopdf)                    size: 3790 bytes
(epstopdf)             Output file: <./Figures/Fig_2-eps-converted-to.pdf>
(epstopdf)                    date: 2019-04-01 14:43:51
(epstopdf)                    size: 2833 bytes
(epstopdf)             Command: <repstopdf --outfile=./Figures/Fig_2-eps-conver
ted-to.pdf ./Figures/Fig_2.eps>
(epstopdf)             \includegraphics on input line 52.
Package epstopdf Info: Output file is already uptodate.


pdfTeX warning: pdflatex (file ./Figures/Fig_2-eps-converted-to.pdf): PDF inclu
sion: found PDF version <1.7>, but at most version <1.5> allowed
<./Figures/Fig_2-eps-converted-to.pdf, id=361, 137.51375pt x 203.76125pt>
File: ./Figures/Fig_2-eps-converted-to.pdf Graphic file (type pdf)
<use ./Figures/Fig_2-eps-converted-to.pdf>
Package pdftex.def Info: ./Figures/Fig_2-eps-converted-to.pdf  used on input li
ne 52.
(pdftex.def)             Requested size: 200.75pt x 297.48894pt.
)
Underfull \vbox (badness 10000) has occurred while \output is active []

 [26]
Underfull \vbox (badness 10000) has occurred while \output is active []

 [27 <./Figures/Fig_2-eps-converted-to.pdf>]
Underfull \hbox (badness 10000) in paragraph at lines 262--265

 []

[28] (./Figures/Fig_3.eps_tex
Package epstopdf Info: Source file: <./Figures/Fig_3.eps>
(epstopdf)                    date: 2019-04-01 14:43:51
(epstopdf)                    size: 5836 bytes
(epstopdf)             Output file: <./Figures/Fig_3-eps-converted-to.pdf>
(epstopdf)                    date: 2019-04-01 14:43:51
(epstopdf)                    size: 3018 bytes
(epstopdf)             Command: <repstopdf --outfile=./Figures/Fig_3-eps-conver
ted-to.pdf ./Figures/Fig_3.eps>
(epstopdf)             \includegraphics on input line 52.
Package epstopdf Info: Output file is already uptodate.


pdfTeX warning: pdflatex (file ./Figures/Fig_3-eps-converted-to.pdf): PDF inclu
sion: found PDF version <1.7>, but at most version <1.5> allowed
<./Figures/Fig_3-eps-converted-to.pdf, id=385, 306.14375pt x 144.54pt>
File: ./Figures/Fig_3-eps-converted-to.pdf Graphic file (type pdf)
<use ./Figures/Fig_3-eps-converted-to.pdf>
Package pdftex.def Info: ./Figures/Fig_3-eps-converted-to.pdf  used on input li
ne 52.
(pdftex.def)             Requested size: 321.2pt x 151.65677pt.
)
Underfull \vbox (badness 10000) has occurred while \output is active []

 [29 <./Figures/Fig_3-eps-converted-to.pdf>]
Underfull \hbox (badness 10000) in paragraph at lines 280--286

 []


Overfull \hbox (9.82312pt too wide) detected at line 289
[]
 []


Overfull \hbox (4.03297pt too wide) detected at line 298
[]
 []


Underfull \vbox (badness 10000) has occurred while \output is active []

 [30]
Underfull \hbox (badness 10000) in paragraph at lines 310--312

 []


Underfull \vbox (badness 10000) has occurred while \output is active []

 [31]
Underfull \vbox (badness 10000) has occurred while \output is active []

 [32]
Underfull \vbox (badness 10000) has occurred while \output is active []

 [33]
Underfull \hbox (badness 10000) in paragraph at lines 340--343

 []


Underfull \hbox (badness 10000) in paragraph at lines 350--353

 []


Overfull \hbox (2.08188pt too wide) in paragraph at lines 350--353
\OT1/ptm/m/n/14.4 Una c[]elula se com-pone de dis-tin-tas es-truc-turas fun-cio
nales que per-miten trans-
 []


Underfull \hbox (badness 10000) in paragraph at lines 350--353

 []


Underfull \vbox (badness 10000) has occurred while \output is active []

 [34]
[35] (./Figures/Fig_5-2.eps_tex
Package epstopdf Info: Source file: <./Figures/Fig_5-2.eps>
(epstopdf)                    date: 2019-08-19 10:09:56
(epstopdf)                    size: 17223 bytes
(epstopdf)             Output file: <./Figures/Fig_5-2-eps-converted-to.pdf>
(epstopdf)                    date: 2019-08-19 10:09:56
(epstopdf)                    size: 5613 bytes
(epstopdf)             Command: <repstopdf --outfile=./Figures/Fig_5-2-eps-conv
erted-to.pdf ./Figures/Fig_5-2.eps>
(epstopdf)             \includegraphics on input line 56.
Package epstopdf Info: Output file is already uptodate.


pdfTeX warning: pdflatex (file ./Figures/Fig_5-2-eps-converted-to.pdf): PDF inc
lusion: found PDF version <1.7>, but at most version <1.5> allowed
<./Figures/Fig_5-2-eps-converted-to.pdf, id=450, 488.82625pt x 240.9pt>
File: ./Figures/Fig_5-2-eps-converted-to.pdf Graphic file (type pdf)
<use ./Figures/Fig_5-2-eps-converted-to.pdf>
Package pdftex.def Info: ./Figures/Fig_5-2-eps-converted-to.pdf  used on input 
line 56.
(pdftex.def)             Requested size: 281.04999pt x 138.50539pt.
) (./Figures/Fig_5.eps_tex
Package epstopdf Info: Source file: <./Figures/Fig_5.eps>
(epstopdf)                    date: 2019-09-12 09:52:29
(epstopdf)                    size: 5632 bytes
(epstopdf)             Output file: <./Figures/Fig_5-eps-converted-to.pdf>
(epstopdf)                    date: 2019-09-12 09:52:29
(epstopdf)                    size: 3308 bytes
(epstopdf)             Command: <repstopdf --outfile=./Figures/Fig_5-eps-conver
ted-to.pdf ./Figures/Fig_5.eps>
(epstopdf)             \includegraphics on input line 56.
Package epstopdf Info: Output file is already uptodate.


pdfTeX warning: pdflatex (file ./Figures/Fig_5-eps-converted-to.pdf): PDF inclu
sion: found PDF version <1.7>, but at most version <1.5> allowed
<./Figures/Fig_5-eps-converted-to.pdf, id=451, 570.13pt x 772.8875pt>
File: ./Figures/Fig_5-eps-converted-to.pdf Graphic file (type pdf)
<use ./Figures/Fig_5-eps-converted-to.pdf>
Package pdftex.def Info: ./Figures/Fig_5-eps-converted-to.pdf  used on input li
ne 56.
(pdftex.def)             Requested size: 200.75pt x 272.14215pt.

Overfull \hbox (4.48857pt too wide) in paragraph at lines 60--60
[]\OT1/ptm/m/n/12 CH  
 []


Overfull \hbox (15.12918pt too wide) in paragraph at lines 69--69
 []\OT1/ptm/m/n/12 Hidrof[]^^Plico 
 []


Overfull \hbox (10.98265pt too wide) in paragraph at lines 71--71
 []\OT1/ptm/m/n/12 Glicerol 
 []


Overfull \hbox (19.04466pt too wide) in paragraph at lines 72--72
 []\OT1/ptm/m/n/12 (hidrof[]obicas) 
 []


Overfull \hbox (14.68176pt too wide) in paragraph at lines 73--73
 []\OT1/ptm/m/n/12 (hidrof[]^^Plica) 
 []

)
Underfull \hbox (badness 10000) in paragraph at lines 359--370

 []


Underfull \hbox (badness 10000) in paragraph at lines 359--370

 []


Underfull \hbox (badness 10000) in paragraph at lines 359--370

 []

[36 <./Figures/Fig_5-2-eps-converted-to.pdf>] [37 <./Figures/Fig_5-eps-converte
d-to.pdf>] [38]
Cap\'itulo 3.

Underfull \hbox (badness 10000) in paragraph at lines 378--381

 []


Underfull \hbox (badness 10000) in paragraph at lines 378--381

 []


Underfull \vbox (badness 10000) has occurred while \output is active []

 [39

]
Underfull \vbox (badness 10000) has occurred while \output is active []

 [40]
Overfull \hbox (14.18837pt too wide) in paragraph at lines 395--399
\OT1/ptm/m/n/14.4 Siendo $\OML/cmm/m/it/14.4 ^^T$\OT1/ptm/m/n/14.4 , lla-mado e
l in-verso del largo de De-bye, una me-dida del apan-tallamiento
 []


Underfull \hbox (badness 10000) in paragraph at lines 395--399

 []


Underfull \hbox (badness 10000) in paragraph at lines 395--399

 []


Underfull \vbox (badness 10000) has occurred while \output is active []

 [41]
(./Figures/Fig_7.eps_tex
Package epstopdf Info: Source file: <Figures/Fig_7.eps>
(epstopdf)                    date: 2019-08-09 11:22:10
(epstopdf)                    size: 10980 bytes
(epstopdf)             Output file: <Figures/Fig_7-eps-converted-to.pdf>
(epstopdf)                    date: 2019-08-09 11:22:10
(epstopdf)                    size: 4586 bytes
(epstopdf)             Command: <repstopdf --outfile=Figures/Fig_7-eps-converte
d-to.pdf Figures/Fig_7.eps>
(epstopdf)             \includegraphics on input line 56.
Package epstopdf Info: Output file is already uptodate.


pdfTeX warning: pdflatex (file ./Figures/Fig_7-eps-converted-to.pdf): PDF inclu
sion: found PDF version <1.7>, but at most version <1.5> allowed
<Figures/Fig_7-eps-converted-to.pdf, id=493, 191.71625pt x 158.5925pt>
File: Figures/Fig_7-eps-converted-to.pdf Graphic file (type pdf)
<use Figures/Fig_7-eps-converted-to.pdf>
Package pdftex.def Info: Figures/Fig_7-eps-converted-to.pdf  used on input line
 56.
(pdftex.def)             Requested size: 250.9375pt x 207.59311pt.
)
Underfull \hbox (badness 10000) in paragraph at lines 400--406

 []

[42]
Underfull \hbox (badness 10000) in paragraph at lines 407--410

 []

[43 <./Figures/Fig_7-eps-converted-to.pdf>]
Underfull \hbox (badness 10000) in paragraph at lines 412--414

 []

[44]
Underfull \vbox (badness 10000) has occurred while \output is active []

 [45]
Overfull \hbox (0.83008pt too wide) in paragraph at lines 442--444
\OT1/ptm/m/n/14.4 En este tra-bajo no se uti-lizan los op-er-adores de Yukawa, 
pero si los de Laplace,
 []


Underfull \vbox (badness 10000) has occurred while \output is active []

 [46]
(./Figures/BEM_scheme.eps_tex
Package epstopdf Info: Source file: <Figures/BEM_scheme.eps>
(epstopdf)                    date: 2019-08-09 11:22:10
(epstopdf)                    size: 8960 bytes
(epstopdf)             Output file: <Figures/BEM_scheme-eps-converted-to.pdf>
(epstopdf)                    date: 2019-08-09 11:22:10
(epstopdf)                    size: 3884 bytes
(epstopdf)             Command: <repstopdf --outfile=Figures/BEM_scheme-eps-con
verted-to.pdf Figures/BEM_scheme.eps>
(epstopdf)             \includegraphics on input line 56.
Package epstopdf Info: Output file is already uptodate.


pdfTeX warning: pdflatex (file ./Figures/BEM_scheme-eps-converted-to.pdf): PDF 
inclusion: found PDF version <1.7>, but at most version <1.5> allowed
<Figures/BEM_scheme-eps-converted-to.pdf, id=536, 101.37875pt x 102.3825pt>
File: Figures/BEM_scheme-eps-converted-to.pdf Graphic file (type pdf)
<use Figures/BEM_scheme-eps-converted-to.pdf>
Package pdftex.def Info: Figures/BEM_scheme-eps-converted-to.pdf  used on input
 line 56.
(pdftex.def)             Requested size: 143.53624pt x 144.96236pt.
)
Underfull \vbox (badness 10000) has occurred while \output is active []

 [47 <./Figures/BEM_scheme-eps-converted-to.pdf>]
Overfull \hbox (16.05013pt too wide) in paragraph at lines 473--475
\OT1/ptm/m/n/14.4 sis-tema, y mul-ti-pli-cando por una se-rie de fac-tores de t
rans-for-maci[]on de unidades,
 []


Underfull \vbox (badness 10000) has occurred while \output is active []

 [48]
Underfull \hbox (badness 10000) in paragraph at lines 489--492

 []


Underfull \hbox (badness 10000) in paragraph at lines 489--492

 []

[49]
Underfull \vbox (badness 10000) has occurred while \output is active []

 [50]
Underfull \hbox (badness 10000) in paragraph at lines 494--496

 []

[51]
Underfull \hbox (badness 10000) in paragraph at lines 503--505

 []

[52]
Overfull \hbox (5.2215pt too wide) in paragraph at lines 507--509
\OT1/ptm/m/n/14.4 Python, GPUs and Bound-ary el-e-ments for biomolec-u-lar elec
-tro-stat-ics (PyGBe)
 []


Underfull \hbox (badness 10000) in paragraph at lines 507--509

 []

[53]
LaTeX Font Info:    Font shape `OT1/pcr/bx/n' in size <12> not available
(Font)              Font shape `OT1/pcr/b/n' tried instead on input line 510.

Underfull \hbox (badness 10000) in paragraph at lines 511--514

 []


Overfull \hbox (10.82344pt too wide) in paragraph at lines 511--514
\OT1/ptm/m/n/14.4 (\OT1/pcr/m/n/14.4 FIELD\OT1/ptm/m/n/14.4 ), in-for-maci[]on 
so-bre si el do-minio debe ser tratado me-di-ante la ecuaci[]on
 []


Underfull \hbox (badness 10000) in paragraph at lines 511--514

 []

[54]
Underfull \hbox (badness 10000) in paragraph at lines 516--518

 []

[55]
Underfull \hbox (badness 10000) in paragraph at lines 520--523

 []


Underfull \hbox (badness 10000) in paragraph at lines 520--523

 []

[56]
Underfull \vbox (badness 10000) has occurred while \output is active []

 [57]
Overfull \hbox (3.84877pt too wide) in paragraph at lines 526--526
[]\OT1/ptm/b/n/17.28 Implementaci[]on del m[]etodo de im[]agenes en el pro-gram
a
 []


Underfull \hbox (badness 10000) in paragraph at lines 527--529

 []

[58] (./Figures/Fig_4.eps_tex
Package epstopdf Info: Source file: <./Figures/Fig_4.eps>
(epstopdf)                    date: 2019-04-01 14:43:51
(epstopdf)                    size: 9935 bytes
(epstopdf)             Output file: <./Figures/Fig_4-eps-converted-to.pdf>
(epstopdf)                    date: 2019-04-01 14:43:51
(epstopdf)                    size: 3751 bytes
(epstopdf)             Command: <repstopdf --outfile=./Figures/Fig_4-eps-conver
ted-to.pdf ./Figures/Fig_4.eps>
(epstopdf)             \includegraphics on input line 52.
Package epstopdf Info: Output file is already uptodate.


pdfTeX warning: pdflatex (file ./Figures/Fig_4-eps-converted-to.pdf): PDF inclu
sion: found PDF version <1.7>, but at most version <1.5> allowed
<./Figures/Fig_4-eps-converted-to.pdf, id=615, 330.23375pt x 228.855pt>
File: ./Figures/Fig_4-eps-converted-to.pdf Graphic file (type pdf)
<use ./Figures/Fig_4-eps-converted-to.pdf>
Package pdftex.def Info: ./Figures/Fig_4-eps-converted-to.pdf  used on input li
ne 52.
(pdftex.def)             Requested size: 361.34999pt x 250.42825pt.
)
Underfull \hbox (badness 10000) in paragraph at lines 531--539

 []


Underfull \vbox (badness 10000) has occurred while \output is active []

 [59]

LaTeX Warning: `h' float specifier changed to `ht'.


Overfull \hbox (7.79787pt too wide) in paragraph at lines 540--542
\OT1/ptm/m/n/14.4 Si se tienen tres medios diel[]ectricos 1, 2 y 3, tales que l
as con-stantes diel[]ectricas
 []


Underfull \vbox (badness 10000) has occurred while \output is active []

 [60]
Underfull \hbox (badness 10000) in paragraph at lines 548--552

 []


Underfull \hbox (badness 10000) in paragraph at lines 548--552

 []


Underfull \vbox (badness 10000) has occurred while \output is active []

 [61 <./Figures/Fig_4-eps-converted-to.pdf>]
Underfull \hbox (badness 10000) in paragraph at lines 554--558

 []


Underfull \hbox (badness 10000) in paragraph at lines 554--558

 []


Underfull \vbox (badness 10000) has occurred while \output is active []

 [62]
Underfull \vbox (badness 10000) has occurred while \output is active []

 [63]
Underfull \hbox (badness 10000) in paragraph at lines 565--568

 []


Underfull \hbox (badness 10000) in paragraph at lines 565--568

 []

[64]
Underfull \vbox (badness 10000) has occurred while \output is active []

 [65]
[66]
Overfull \hbox (3.10503pt too wide) in paragraph at lines 605--607
\OT1/ptm/m/n/14.4 cretizaci[]on del panel para el c[]omputo num[]erico de las i
n-te-grales, lo que supone
 []


Underfull \vbox (badness 10000) has occurred while \output is active []

 [67]
Underfull \hbox (badness 10000) in paragraph at lines 618--623

 []


Underfull \hbox (badness 10000) in paragraph at lines 618--623

 []


Underfull \hbox (badness 10000) in paragraph at lines 618--623

 []


Overfull \hbox (1.75055pt too wide) in paragraph at lines 618--623
\OT1/ptm/m/n/14.4 El m[]etodo que se uti-liza para in-te-grar de forma semi-ana
l[]^^Ptica se ini-cia tomando
 []


Underfull \vbox (badness 10000) has occurred while \output is active []

 [68]
(./Figures/Fig_6.eps_tex
Package epstopdf Info: Source file: <./Figures/Fig_6.eps>
(epstopdf)                    date: 2019-08-19 10:09:56
(epstopdf)                    size: 3594 bytes
(epstopdf)             Output file: <./Figures/Fig_6-eps-converted-to.pdf>
(epstopdf)                    date: 2019-08-19 10:09:56
(epstopdf)                    size: 2806 bytes
(epstopdf)             Command: <repstopdf --outfile=./Figures/Fig_6-eps-conver
ted-to.pdf ./Figures/Fig_6.eps>
(epstopdf)             \includegraphics on input line 56.
Package epstopdf Info: Output file is already uptodate.


pdfTeX warning: pdflatex (file ./Figures/Fig_6-eps-converted-to.pdf): PDF inclu
sion: found PDF version <1.7>, but at most version <1.5> allowed
<./Figures/Fig_6-eps-converted-to.pdf, id=700, 145.54375pt x 100.375pt>
File: ./Figures/Fig_6-eps-converted-to.pdf Graphic file (type pdf)
<use ./Figures/Fig_6-eps-converted-to.pdf>
Package pdftex.def Info: ./Figures/Fig_6-eps-converted-to.pdf  used on input li
ne 56.
(pdftex.def)             Requested size: 180.67499pt x 124.61378pt.
)
Underfull \vbox (badness 10000) has occurred while \output is active []

 [69]
Underfull \vbox (badness 10000) has occurred while \output is active []

 [70 <./Figures/Fig_6-eps-converted-to.pdf>]
Underfull \hbox (badness 10000) in paragraph at lines 640--644

 []


Underfull \hbox (badness 10000) in paragraph at lines 674--687

 []


Overfull \hbox (5.66922pt too wide) in paragraph at lines 674--687
\OT1/ptm/m/n/14.4 Para el caso tra-ba-jado, el ci-clo ter-modin[]amico com[]un 
para \OT1/pcr/m/n/14.4 APBSmem \OT1/ptm/m/n/14.4 y \OT1/pcr/m/n/14.4 PyGBe
 []


Underfull \vbox (badness 10000) has occurred while \output is active []

 [71]
[72] (./Figures/Fig_9.eps_tex
Package epstopdf Info: Source file: <./Figures/Fig_9.eps>
(epstopdf)                    date: 2019-07-25 10:37:10
(epstopdf)                    size: 19259 bytes
(epstopdf)             Output file: <./Figures/Fig_9-eps-converted-to.pdf>
(epstopdf)                    date: 2019-07-25 10:37:10
(epstopdf)                    size: 5280 bytes
(epstopdf)             Command: <repstopdf --outfile=./Figures/Fig_9-eps-conver
ted-to.pdf ./Figures/Fig_9.eps>
(epstopdf)             \includegraphics on input line 56.
Package epstopdf Info: Output file is already uptodate.


pdfTeX warning: pdflatex (file ./Figures/Fig_9-eps-converted-to.pdf): PDF inclu
sion: found PDF version <1.7>, but at most version <1.5> allowed
<./Figures/Fig_9-eps-converted-to.pdf, id=736, 469.755pt x 287.0725pt>
File: ./Figures/Fig_9-eps-converted-to.pdf Graphic file (type pdf)
<use ./Figures/Fig_9-eps-converted-to.pdf>
Package pdftex.def Info: ./Figures/Fig_9-eps-converted-to.pdf  used on input li
ne 56.
(pdftex.def)             Requested size: 301.125pt x 184.01926pt.
)
Underfull \vbox (badness 10000) has occurred while \output is active []

 [73]
[74 <./Figures/Fig_9-eps-converted-to.pdf>]
Cap\'itulo 4.

Underfull \hbox (badness 10000) in paragraph at lines 707--719

 []


Underfull \hbox (badness 10000) in paragraph at lines 707--719

 []

[75

]
Underfull \hbox (badness 10000) in paragraph at lines 732--735

 []

[76]
Underfull \vbox (badness 10000) has occurred while \output is active []

 [77]
[78]
Underfull \hbox (badness 10000) in paragraph at lines 785--787

 []

[79]
Overfull \hbox (2.05525pt too wide) in paragraph at lines 799--799
[][] 
 []


Overfull \hbox (2.05525pt too wide) in paragraph at lines 802--802
[][] 
 []


LaTeX Warning: `h' float specifier changed to `ht'.


Overfull \hbox (2.05525pt too wide) in paragraph at lines 821--821
[][] 
 []


LaTeX Warning: `h' float specifier changed to `ht'.


LaTeX Warning: `h' float specifier changed to `ht'.


Overfull \hbox (5.36592pt too wide) in paragraph at lines 844--845
\OT1/ptm/m/n/14.4 Para poder com-pro-bar de man-era fe-ha-ciente que uti-lizar 
el m[]etodo de im[]agenes
 []


Underfull \vbox (badness 10000) has occurred while \output is active []

 [80]
Underfull \vbox (badness 10000) has occurred while \output is active []

 [81]
Underfull \vbox (badness 10000) has occurred while \output is active []

 [82]
Overfull \hbox (4.79008pt too wide) in paragraph at lines 872--874
\OT1/ptm/m/n/14.4 Tambi[]en se mues-tran a con-tin-uaci[]on las tasas de con-ve
r-gen-cia seg[]un la f[]ormula
 []


Underfull \vbox (badness 10000) has occurred while \output is active []

 [83]
<./Figures/Potencial.pdf, id=810, 748.64067pt x 465.68039pt>
File: ./Figures/Potencial.pdf Graphic file (type pdf)
<use ./Figures/Potencial.pdf>
Package pdftex.def Info: ./Figures/Potencial.pdf  used on input line 909.
(pdftex.def)             Requested size: 374.31943pt x 232.83961pt.
Package hyperref Info: bookmark level for unknown graph defaults to 0 on input 
line 910.
<./Figures/Error.pdf, id=811, 758.0665pt x 462.95772pt>
File: ./Figures/Error.pdf Graphic file (type pdf)
<use ./Figures/Error.pdf>
Package pdftex.def Info: ./Figures/Error.pdf  used on input line 916.
(pdftex.def)             Requested size: 379.03232pt x 231.47829pt.
<./Figures/Error_log.pdf, id=814, 764.7634pt x 487.054pt>
File: ./Figures/Error_log.pdf Graphic file (type pdf)
<use ./Figures/Error_log.pdf>
Package pdftex.def Info: ./Figures/Error_log.pdf  used on input line 923.
(pdftex.def)             Requested size: 382.38075pt x 243.5264pt.

Underfull \hbox (badness 10000) in paragraph at lines 902--927

 []


Underfull \hbox (badness 10000) in paragraph at lines 902--927

 []


Underfull \hbox (badness 10000) in paragraph at lines 902--927

 []

[84]
Underfull \vbox (badness 10000) has occurred while \output is active []

 [85]
[86 <./Figures/Potencial.pdf>]

LaTeX Warning: `h' float specifier changed to `ht'.

[87 <./Figures/Error.pdf>] [88 <./Figures/Error_log.pdf>]
Cap\'itulo 5.
[89

]
Underfull \hbox (badness 10000) in paragraph at lines 973--977

 []


Underfull \hbox (badness 10000) in paragraph at lines 973--977

 []


Underfull \hbox (badness 10000) in paragraph at lines 973--977

 []

[90]
Underfull \vbox (badness 10000) has occurred while \output is active []

 [91]
Underfull \vbox (badness 10000) has occurred while \output is active []

 [92]
\openout2 = `Anexo_Bromoethane.aux'.


(./Anexo_Bromoethane.tex
LaTeX Font Info:    Font shape `OT1/pcr/bx/n' in size <17.28> not available
(Font)              Font shape `OT1/pcr/b/n' tried instead on input line 1.

Overfull \hbox (1.86089pt too wide) in paragraph at lines 4--14
 [][] 
 []

) [93

]
\openout2 = `Anexo_Solv_Energy.aux'.

 (./Anexo_Solv_Energy.tex
LaTeX Font Info:    Try loading font information for OMS+ptm on input line 5.

(/usr/share/texlive/texmf-dist/tex/latex/psnfss/omsptm.fd
File: omsptm.fd 
)
LaTeX Font Info:    Font shape `OMS/ptm/m/n' in size <14.4> not available
(Font)              Font shape `OMS/cmsy/m/n' tried instead on input line 5.
) [94


]
\openout2 = `Anexo_APBS.aux'.


(./Anexo_APBS.tex
Underfull \hbox (badness 10000) in paragraph at lines 2--5

 []

[95


]
LaTeX Font Info:    Font shape `OT1/ptm/bx/n' in size <10> not available
(Font)              Font shape `OT1/ptm/b/n' tried instead on input line 10.

Overfull \hbox (3.81343pt too wide) in paragraph at lines 10--11
\OT1/ptm/b/n/14.4 mem-brana\OT1/ptm/m/n/14.4 . Se gen-eran tres archivos (\OT1/
pcr/m/n/14.4 dielx, diely, dielz\OT1/ptm/m/n/14.4 ),
 []


Underfull \hbox (badness 10000) in paragraph at lines 15--16

 []


Underfull \hbox (badness 10000) in paragraph at lines 15--16

 []

[96]
Overfull \hbox (9.15993pt too wide) in paragraph at lines 17--18
[][][][][][][][][][][][][][] 
 []

[97]
Overfull \hbox (78.28053pt too wide) in paragraph at lines 23--24
[][][][][][][][][][][][][][][][][][][][][][][][][][][][] 
 []

[98] [99]) [100] [101


] [102] [103]
Package atveryend Info: Empty hook `BeforeClearDocument' on input line 1034.
Package atveryend Info: Empty hook `AfterLastShipout' on input line 1034.
 (./Memoria.aux (./Portada/anteportada.aux)
(./Portada/portada.aux) (./Resumen.aux) (./Abstract.aux)
(./Anexo_Bromoethane.aux) (./Anexo_Solv_Energy.aux) (./Anexo_APBS.aux))
Package atveryend Info: Executing hook `AtVeryEndDocument' on input line 1034.
Package atveryend Info: Executing hook `AtEndAfterFileList' on input line 1034.

Package rerunfilecheck Info: File `Memoria.out' has not changed.
(rerunfilecheck)             Checksum: DB2CB56B46241503F3B40F444A987281;2814.


LaTeX Warning: Label(s) may have changed. Rerun to get cross-references right.

Package atveryend Info: Empty hook `AtVeryVeryEnd' on input line 1034.
 ) 
Here is how much of TeX's memory you used:
 21544 strings out of 494880
 380604 string characters out of 6179602
 462869 words of memory out of 5000000
 24101 multiletter control sequences out of 15000+600000
 42055 words of font info for 95 fonts, out of 8000000 for 9000
 36 hyphenation exceptions out of 8191
 55i,21n,60p,2282b,1097s stack positions out of 5000i,500n,10000p,200000b,80000s
{/usr/share/texlive/texmf-dist/fonts/enc/dvips/base/8r.enc}</usr/share/texliv
e/texmf-dist/fonts/type1/public/amsfonts/cm/cmbx10.pfb></usr/share/texlive/texm
f-dist/fonts/type1/public/amsfonts/cm/cmbx12.pfb></usr/share/texlive/texmf-dist
/fonts/type1/public/amsfonts/cm/cmex10.pfb></usr/share/texlive/texmf-dist/fonts
/type1/public/amsfonts/cm/cmmi10.pfb></usr/share/texlive/texmf-dist/fonts/type1
/public/amsfonts/cm/cmmi12.pfb></usr/share/texlive/texmf-dist/fonts/type1/publi
c/amsfonts/cm/cmmi7.pfb></usr/share/texlive/texmf-dist/fonts/type1/public/amsfo
nts/cm/cmmi8.pfb></usr/share/texlive/texmf-dist/fonts/type1/public/amsfonts/cm/
cmr10.pfb></usr/share/texlive/texmf-dist/fonts/type1/public/amsfonts/cm/cmr12.p
fb></usr/share/texlive/texmf-dist/fonts/type1/public/amsfonts/cm/cmr7.pfb></usr
/share/texlive/texmf-dist/fonts/type1/public/amsfonts/cm/cmr8.pfb></usr/share/t
exlive/texmf-dist/fonts/type1/public/amsfonts/cm/cmsy10.pfb></usr/share/texlive
/texmf-dist/fonts/type1/public/amsfonts/cm/cmsy7.pfb></usr/share/texlive/texmf-
dist/fonts/type1/public/amsfonts/cm/cmsy8.pfb></usr/share/texlive/texmf-dist/fo
nts/type1/public/amsfonts/latxfont/line10.pfb></usr/share/texlive/texmf-dist/fo
nts/type1/public/amsfonts/symbols/msbm10.pfb></usr/share/texlive/texmf-dist/fon
ts/type1/urw/courier/ucrb8a.pfb></usr/share/texlive/texmf-dist/fonts/type1/urw/
courier/ucrr8a.pfb></usr/share/texlive/texmf-dist/fonts/type1/urw/times/utmb8a.
pfb></usr/share/texlive/texmf-dist/fonts/type1/urw/times/utmr8a.pfb></usr/share
/texlive/texmf-dist/fonts/type1/urw/times/utmri8a.pfb>
Output written on Memoria.pdf (103 pages, 553781 bytes).
PDF statistics:
 1206 PDF objects out of 1440 (max. 8388607)
 954 compressed objects within 10 object streams
 277 named destinations out of 1000 (max. 500000)
 344 words of extra memory for PDF output out of 10000 (max. 10000000)

