This is pdfTeX, Version 3.14159265-2.6-1.40.16 (TeX Live 2015/Debian) (preloaded format=pdflatex 2018.8.3)  16 NOV 2018 22:04
entering extended mode
 restricted \write18 enabled.
 %&-line parsing enabled.
**Informe_Aplicada.tex
(./Informe_Aplicada.tex
LaTeX2e <2016/02/01>
Babel <3.9q> and hyphenation patterns for 5 language(s) loaded.
(/usr/share/texlive/texmf-dist/tex/latex/base/article.cls
Document Class: article 2014/09/29 v1.4h Standard LaTeX document class
(/usr/share/texlive/texmf-dist/tex/latex/base/size12.clo
File: size12.clo 2014/09/29 v1.4h Standard LaTeX file (size option)
)
\c@part=\count79
\c@section=\count80
\c@subsection=\count81
\c@subsubsection=\count82
\c@paragraph=\count83
\c@subparagraph=\count84
\c@figure=\count85
\c@table=\count86
\abovecaptionskip=\skip41
\belowcaptionskip=\skip42
\bibindent=\dimen102
)
(/usr/share/texlive/texmf-dist/tex/latex/geometry/geometry.sty
Package: geometry 2010/09/12 v5.6 Page Geometry

(/usr/share/texlive/texmf-dist/tex/latex/graphics/keyval.sty
Package: keyval 2014/10/28 v1.15 key=value parser (DPC)
\KV@toks@=\toks14
)
(/usr/share/texlive/texmf-dist/tex/generic/oberdiek/ifpdf.sty
Package: ifpdf 2011/01/30 v2.3 Provides the ifpdf switch (HO)
Package ifpdf Info: pdfTeX in PDF mode is detected.
)
(/usr/share/texlive/texmf-dist/tex/generic/oberdiek/ifvtex.sty
Package: ifvtex 2010/03/01 v1.5 Detect VTeX and its facilities (HO)
Package ifvtex Info: VTeX not detected.
)
(/usr/share/texlive/texmf-dist/tex/generic/ifxetex/ifxetex.sty
Package: ifxetex 2010/09/12 v0.6 Provides ifxetex conditional
)
\Gm@cnth=\count87
\Gm@cntv=\count88
\c@Gm@tempcnt=\count89
\Gm@bindingoffset=\dimen103
\Gm@wd@mp=\dimen104
\Gm@odd@mp=\dimen105
\Gm@even@mp=\dimen106
\Gm@layoutwidth=\dimen107
\Gm@layoutheight=\dimen108
\Gm@layouthoffset=\dimen109
\Gm@layoutvoffset=\dimen110
\Gm@dimlist=\toks15
)
(/usr/share/texlive/texmf-dist/tex/latex/base/inputenc.sty
Package: inputenc 2015/03/17 v1.2c Input encoding file
\inpenc@prehook=\toks16
\inpenc@posthook=\toks17

(/usr/share/texlive/texmf-dist/tex/latex/ucs/utf8x.def
File: utf8x.def 2004/10/17 UCS: Input encoding UTF-8
))
(/usr/share/texlive/texmf-dist/tex/latex/ucs/ucs.sty
Package: ucs 2013/05/11 v2.2 UCS: Unicode input support

(/usr/share/texlive/texmf-dist/tex/latex/ucs/data/uni-global.def
File: uni-global.def 2013/05/13 UCS: Unicode global data
)
\uc@secondtry=\count90
\uc@combtoks=\toks18
\uc@combtoksb=\toks19
\uc@temptokena=\toks20
)
(/usr/share/texlive/texmf-dist/tex/latex/fancyhdr/fancyhdr.sty
\fancy@headwidth=\skip43
\f@ncyO@elh=\skip44
\f@ncyO@erh=\skip45
\f@ncyO@olh=\skip46
\f@ncyO@orh=\skip47
\f@ncyO@elf=\skip48
\f@ncyO@erf=\skip49
\f@ncyO@olf=\skip50
\f@ncyO@orf=\skip51
)
(/usr/share/texlive/texmf-dist/tex/latex/footmisc/footmisc.sty
Package: footmisc 2011/06/06 v5.5b a miscellany of footnote facilities
\FN@temptoken=\toks21
\footnotemargin=\dimen111


LaTeX Warning: Command \@makecol  has changed.
               Check if current package is valid.

\c@pp@next@reset=\count91
Package footmisc Info: Declaring symbol style bringhurst on input line 855.
Package footmisc Info: Declaring symbol style chicago on input line 863.
Package footmisc Info: Declaring symbol style wiley on input line 872.
Package footmisc Info: Declaring symbol style lamport-robust on input line 883.

Package footmisc Info: Declaring symbol style lamport* on input line 903.
Package footmisc Info: Declaring symbol style lamport*-robust on input line 924
.
) (/usr/share/texlive/texmf-dist/tex/latex/was/gensymb.sty
Package: gensymb 2003/07/02 v1.0 (WaS)
)
(/usr/share/texlive/texmf-dist/tex/latex/tools/array.sty
Package: array 2014/10/28 v2.4c Tabular extension package (FMi)
\col@sep=\dimen112
\extrarowheight=\dimen113
\NC@list=\toks22
\extratabsurround=\skip52
\backup@length=\skip53
)
(/usr/share/texlive/texmf-dist/tex/latex/amsfonts/amssymb.sty
Package: amssymb 2013/01/14 v3.01 AMS font symbols

(/usr/share/texlive/texmf-dist/tex/latex/amsfonts/amsfonts.sty
Package: amsfonts 2013/01/14 v3.01 Basic AMSFonts support
\@emptytoks=\toks23
\symAMSa=\mathgroup4
\symAMSb=\mathgroup5
LaTeX Font Info:    Overwriting math alphabet `\mathfrak' in version `bold'
(Font)                  U/euf/m/n --> U/euf/b/n on input line 106.
))
(/usr/share/texlive/texmf-dist/tex/latex/amsmath/amsmath.sty
Package: amsmath 2016/03/03 v2.15a AMS math features
\@mathmargin=\skip54

For additional information on amsmath, use the `?' option.
(/usr/share/texlive/texmf-dist/tex/latex/amsmath/amstext.sty
Package: amstext 2000/06/29 v2.01 AMS text

(/usr/share/texlive/texmf-dist/tex/latex/amsmath/amsgen.sty
File: amsgen.sty 1999/11/30 v2.0 generic functions
\@emptytoks=\toks24
\ex@=\dimen114
))
(/usr/share/texlive/texmf-dist/tex/latex/amsmath/amsbsy.sty
Package: amsbsy 1999/11/29 v1.2d Bold Symbols
\pmbraise@=\dimen115
)
(/usr/share/texlive/texmf-dist/tex/latex/amsmath/amsopn.sty
Package: amsopn 1999/12/14 v2.01 operator names
)
\inf@bad=\count92
LaTeX Info: Redefining \frac on input line 199.
\uproot@=\count93
\leftroot@=\count94
LaTeX Info: Redefining \overline on input line 297.
\classnum@=\count95
\DOTSCASE@=\count96
LaTeX Info: Redefining \ldots on input line 394.
LaTeX Info: Redefining \dots on input line 397.
LaTeX Info: Redefining \cdots on input line 518.
\Mathstrutbox@=\box26
\strutbox@=\box27
\big@size=\dimen116
LaTeX Font Info:    Redeclaring font encoding OML on input line 630.
LaTeX Font Info:    Redeclaring font encoding OMS on input line 631.
\macc@depth=\count97
\c@MaxMatrixCols=\count98
\dotsspace@=\muskip10
\c@parentequation=\count99
\dspbrk@lvl=\count100
\tag@help=\toks25
\row@=\count101
\column@=\count102
\maxfields@=\count103
\andhelp@=\toks26
\eqnshift@=\dimen117
\alignsep@=\dimen118
\tagshift@=\dimen119
\tagwidth@=\dimen120
\totwidth@=\dimen121
\lineht@=\dimen122
\@envbody=\toks27
\multlinegap=\skip55
\multlinetaggap=\skip56
\mathdisplay@stack=\toks28
LaTeX Info: Redefining \[ on input line 2735.
LaTeX Info: Redefining \] on input line 2736.
)
(/usr/share/texlive/texmf-dist/tex/latex/xcolor/xcolor.sty
Package: xcolor 2007/01/21 v2.11 LaTeX color extensions (UK)

(/usr/share/texlive/texmf-dist/tex/latex/latexconfig/color.cfg
File: color.cfg 2007/01/18 v1.5 color configuration of teTeX/TeXLive
)
Package xcolor Info: Driver file: pdftex.def on input line 225.

(/usr/share/texlive/texmf-dist/tex/latex/pdftex-def/pdftex.def
File: pdftex.def 2011/05/27 v0.06d Graphics/color for pdfTeX

(/usr/share/texlive/texmf-dist/tex/generic/oberdiek/infwarerr.sty
Package: infwarerr 2010/04/08 v1.3 Providing info/warning/error messages (HO)
)
(/usr/share/texlive/texmf-dist/tex/generic/oberdiek/ltxcmds.sty
Package: ltxcmds 2011/11/09 v1.22 LaTeX kernel commands for general use (HO)
)
\Gread@gobject=\count104
)
Package xcolor Info: Model `cmy' substituted by `cmy0' on input line 1337.
Package xcolor Info: Model `hsb' substituted by `rgb' on input line 1341.
Package xcolor Info: Model `RGB' extended on input line 1353.
Package xcolor Info: Model `HTML' substituted by `rgb' on input line 1355.
Package xcolor Info: Model `Hsb' substituted by `hsb' on input line 1356.
Package xcolor Info: Model `tHsb' substituted by `hsb' on input line 1357.
Package xcolor Info: Model `HSB' substituted by `hsb' on input line 1358.
Package xcolor Info: Model `Gray' substituted by `gray' on input line 1359.
Package xcolor Info: Model `wave' substituted by `hsb' on input line 1360.
)
(/usr/share/texlive/texmf-dist/tex/latex/doublestroke/dsfont.sty
Package: dsfont 1995/08/01 v0.1 Double stroke roman fonts
)
(/usr/share/texlive/texmf-dist/tex/latex/graphics/graphicx.sty
Package: graphicx 2014/10/28 v1.0g Enhanced LaTeX Graphics (DPC,SPQR)

(/usr/share/texlive/texmf-dist/tex/latex/graphics/graphics.sty
Package: graphics 2016/01/03 v1.0q Standard LaTeX Graphics (DPC,SPQR)

(/usr/share/texlive/texmf-dist/tex/latex/graphics/trig.sty
Package: trig 2016/01/03 v1.10 sin cos tan (DPC)
)
(/usr/share/texlive/texmf-dist/tex/latex/latexconfig/graphics.cfg
File: graphics.cfg 2010/04/23 v1.9 graphics configuration of TeX Live
)
Package graphics Info: Driver file: pdftex.def on input line 95.
)
\Gin@req@height=\dimen123
\Gin@req@width=\dimen124
)
(/usr/share/texlive/texmf-dist/tex/latex/tools/tabularx.sty
Package: tabularx 2014/10/28 v2.10 `tabularx' package (DPC)
\TX@col@width=\dimen125
\TX@old@table=\dimen126
\TX@old@col=\dimen127
\TX@target=\dimen128
\TX@delta=\dimen129
\TX@cols=\count105
\TX@ftn=\toks29
)
(/usr/share/texlive/texmf-dist/tex/latex/pbox/pbox.sty
Package: pbox 2011/12/07 v1.2 Dynamic parboxes

(/usr/share/texlive/texmf-dist/tex/latex/tools/calc.sty
Package: calc 2014/10/28 v4.3 Infix arithmetic (KKT,FJ)
\calc@Acount=\count106
\calc@Bcount=\count107
\calc@Adimen=\dimen130
\calc@Bdimen=\dimen131
\calc@Askip=\skip57
\calc@Bskip=\skip58
LaTeX Info: Redefining \setlength on input line 80.
LaTeX Info: Redefining \addtolength on input line 81.
\calc@Ccount=\count108
\calc@Cskip=\skip59
)
(/usr/share/texlive/texmf-dist/tex/latex/base/ifthen.sty
Package: ifthen 2014/09/29 v1.1c Standard LaTeX ifthen package (DPC)
)
\pb@xlen=\skip60
)
(/usr/share/texlive/texmf-dist/tex/latex/cancel/cancel.sty
Package: cancel 2013/04/12 v2.2 Cancel math terms
)
(/usr/share/texlive/texmf-dist/tex/latex/float/float.sty
Package: float 2001/11/08 v1.3d Float enhancements (AL)
\c@float@type=\count109
\float@exts=\toks30
\float@box=\box28
\@float@everytoks=\toks31
\@floatcapt=\box29
)
(/usr/share/texlive/texmf-dist/tex/latex/caption/caption.sty
Package: caption 2016/02/21 v3.3-144 Customizing captions (AR)

(/usr/share/texlive/texmf-dist/tex/latex/caption/caption3.sty
Package: caption3 2016/02/04 v1.7-139 caption3 kernel (AR)
Package caption3 Info: TeX engine: e-TeX on input line 67.
\captionmargin=\dimen132
\captionmargin@=\dimen133
\captionwidth=\dimen134
\caption@tempdima=\dimen135
\caption@indent=\dimen136
\caption@parindent=\dimen137
\caption@hangindent=\dimen138
)
\c@ContinuedFloat=\count110
Package caption Info: float package is loaded.
)
(/usr/share/texlive/texmf-dist/tex/latex/caption/newfloat.sty
Package: newfloat 2015/09/17 v1.1-109 Defining new floating environments (AR)
)
Package newfloat Info: New float `graph' with options `name={Gr\begingroup \let
 \relax \relax \endgroup [Pleaseinsert\PrerenderUnicode{รก}intopreamble]fico}' 
on input line 20.
\c@graph=\count111
Package newfloat Info: float type `graph'=4 on input line 20.

(./Informe_Aplicada.aux)
\openout1 = `Informe_Aplicada.aux'.

LaTeX Font Info:    Checking defaults for OML/cmm/m/it on input line 40.
LaTeX Font Info:    ... okay on input line 40.
LaTeX Font Info:    Checking defaults for T1/cmr/m/n on input line 40.
LaTeX Font Info:    ... okay on input line 40.
LaTeX Font Info:    Checking defaults for OT1/cmr/m/n on input line 40.
LaTeX Font Info:    ... okay on input line 40.
LaTeX Font Info:    Checking defaults for OMS/cmsy/m/n on input line 40.
LaTeX Font Info:    ... okay on input line 40.
LaTeX Font Info:    Checking defaults for OMX/cmex/m/n on input line 40.
LaTeX Font Info:    ... okay on input line 40.
LaTeX Font Info:    Checking defaults for U/cmr/m/n on input line 40.
LaTeX Font Info:    ... okay on input line 40.

*geometry* driver: auto-detecting
*geometry* detected driver: pdftex
*geometry* verbose mode - [ preamble ] result:
* driver: pdftex
* paper: letterpaper
* layout: <same size as paper>
* layoutoffset:(h,v)=(0.0pt,0.0pt)
* modes: 
* h-part:(L,W,R)=(72.26999pt, 469.75502pt, 72.26999pt)
* v-part:(T,H,B)=(36.135pt, 686.565pt, 72.26999pt)
* \paperwidth=614.295pt
* \paperheight=794.96999pt
* \textwidth=469.75502pt
* \textheight=686.565pt
* \oddsidemargin=0.0pt
* \evensidemargin=0.0pt
* \topmargin=-73.135pt
* \headheight=12.0pt
* \headsep=25.0pt
* \topskip=12.0pt
* \footskip=30.0pt
* \marginparwidth=44.0pt
* \marginparsep=10.0pt
* \columnsep=10.0pt
* \skip\footins=10.8pt plus 4.0pt minus 2.0pt
* \hoffset=0.0pt
* \voffset=0.0pt
* \mag=1000
* \@twocolumnfalse
* \@twosidefalse
* \@mparswitchfalse
* \@reversemarginfalse
* (1in=72.27pt=25.4mm, 1cm=28.453pt)

(/usr/share/texlive/texmf-dist/tex/latex/ucs/ucsencs.def
File: ucsencs.def 2011/01/21 Fixes to fontencodings LGR, T3
)
LaTeX Info: Redefining \celsius on input line 40.
Package gensymb Info: Faking symbols for \degree and \celsius on input line 40.



Package gensymb Warning: Not defining \perthousand.

LaTeX Info: Redefining \ohm on input line 40.
Package gensymb Info: Using \Omega for \ohm on input line 40.

Package gensymb Warning: Not defining \micro.

(/usr/share/texlive/texmf-dist/tex/context/base/supp-pdf.mkii
[Loading MPS to PDF converter (version 2006.09.02).]
\scratchcounter=\count112
\scratchdimen=\dimen139
\scratchbox=\box30
\nofMPsegments=\count113
\nofMParguments=\count114
\everyMPshowfont=\toks32
\MPscratchCnt=\count115
\MPscratchDim=\dimen140
\MPnumerator=\count116
\makeMPintoPDFobject=\count117
\everyMPtoPDFconversion=\toks33
) (/usr/share/texlive/texmf-dist/tex/generic/oberdiek/pdftexcmds.sty
Package: pdftexcmds 2011/11/29 v0.20 Utility functions of pdfTeX for LuaTeX (HO
)

(/usr/share/texlive/texmf-dist/tex/generic/oberdiek/ifluatex.sty
Package: ifluatex 2010/03/01 v1.3 Provides the ifluatex switch (HO)
Package ifluatex Info: LuaTeX not detected.
)
Package pdftexcmds Info: LuaTeX not detected.
Package pdftexcmds Info: \pdf@primitive is available.
Package pdftexcmds Info: \pdf@ifprimitive is available.
Package pdftexcmds Info: \pdfdraftmode found.
)
(/usr/share/texlive/texmf-dist/tex/latex/oberdiek/epstopdf-base.sty
Package: epstopdf-base 2010/02/09 v2.5 Base part for package epstopdf

(/usr/share/texlive/texmf-dist/tex/latex/oberdiek/grfext.sty
Package: grfext 2010/08/19 v1.1 Manage graphics extensions (HO)

(/usr/share/texlive/texmf-dist/tex/generic/oberdiek/kvdefinekeys.sty
Package: kvdefinekeys 2011/04/07 v1.3 Define keys (HO)
))
(/usr/share/texlive/texmf-dist/tex/latex/oberdiek/kvoptions.sty
Package: kvoptions 2011/06/30 v3.11 Key value format for package options (HO)

(/usr/share/texlive/texmf-dist/tex/generic/oberdiek/kvsetkeys.sty
Package: kvsetkeys 2012/04/25 v1.16 Key value parser (HO)

(/usr/share/texlive/texmf-dist/tex/generic/oberdiek/etexcmds.sty
Package: etexcmds 2011/02/16 v1.5 Avoid name clashes with e-TeX commands (HO)
Package etexcmds Info: Could not find \expanded.
(etexcmds)             That can mean that you are not using pdfTeX 1.50 or
(etexcmds)             that some package has redefined \expanded.
(etexcmds)             In the latter case, load this package earlier.
)))
Package grfext Info: Graphics extension search list:
(grfext)             [.png,.pdf,.jpg,.mps,.jpeg,.jbig2,.jb2,.PNG,.PDF,.JPG,.JPE
G,.JBIG2,.JB2,.eps]
(grfext)             \AppendGraphicsExtensions on input line 452.

(/usr/share/texlive/texmf-dist/tex/latex/latexconfig/epstopdf-sys.cfg
File: epstopdf-sys.cfg 2010/07/13 v1.3 Configuration of (r)epstopdf for TeX Liv
e
))
Package caption Info: Begin \AtBeginDocument code.
Package caption Info: End \AtBeginDocument code.

<UTFSM_logo.png, id=1, 463.7325pt x 235.63031pt>
File: UTFSM_logo.png Graphic file (type png)
 <use UTFSM_logo.png>
Package pdftex.def Info: UTFSM_logo.png used on input line 44.
(pdftex.def)             Requested size: 176.22017pt x 89.54044pt.

<mecusm.jpg, id=3, 831.105pt x 369.63094pt>
File: mecusm.jpg Graphic file (type jpg)
 <use mecusm.jpg>
Package pdftex.def Info: mecusm.jpg used on input line 45.
(pdftex.def)             Requested size: 149.59244pt x 66.53069pt.

Overfull \hbox (60.01918pt too wide) in paragraph at lines 46--49
[][] 
 []


Underfull \hbox (badness 10000) in paragraph at lines 46--49

 []


Underfull \hbox (badness 10000) in paragraph at lines 46--49

 []

(/usr/share/texlive/texmf-dist/tex/latex/ucs/data/uni-0.def
File: uni-0.def 2013/05/13 UCS: Unicode data U+0000..U+00FF
) [1

{/var/lib/texmf/fonts/map/pdftex/updmap/pdftex.map} <./UTFSM_logo.png> <./mecus
m.jpg>]
(./Informe_Aplicada.toc
LaTeX Font Info:    Try loading font information for U+msa on input line 3.

(/usr/share/texlive/texmf-dist/tex/latex/amsfonts/umsa.fd
File: umsa.fd 2013/01/14 v3.01 AMS symbols A
)
LaTeX Font Info:    Try loading font information for U+msb on input line 3.

(/usr/share/texlive/texmf-dist/tex/latex/amsfonts/umsb.fd
File: umsb.fd 2013/01/14 v3.01 AMS symbols B
)
Overfull \hbox (32.56625pt too wide) in paragraph at lines 15--15
 [][] []\OT1/cmr/m/n/12 Image Ap-prox-i-ma-tions to Elec-tro-static Po-ten-tial
s in Lay-ered Elec-trolytes/Dielectrics 
 []

)
\tf@toc=\write3
\openout3 = `Informe_Aplicada.toc'.

 [2]
Underfull \hbox (badness 10000) in paragraph at lines 65--71

 []


Underfull \hbox (badness 10000) in paragraph at lines 65--71

 []


Underfull \hbox (badness 10000) in paragraph at lines 65--71

 []


Underfull \hbox (badness 10000) in paragraph at lines 65--71

 []


Underfull \hbox (badness 10000) in paragraph at lines 65--71

 []

[3]
Underfull \hbox (badness 10000) in paragraph at lines 81--84

 []

[4]
Underfull \hbox (badness 10000) in paragraph at lines 109--111

 []

(./Fig_1.eps_tex
Package epstopdf Info: Source file: <Fig_1.eps>
(epstopdf)                    date: 2018-09-21 18:20:39
(epstopdf)                    size: 5663 bytes
(epstopdf)             Output file: <Fig_1-eps-converted-to.pdf>
(epstopdf)                    date: 2018-09-21 18:20:42
(epstopdf)                    size: 3163 bytes
(epstopdf)             Command: <repstopdf --outfile=Fig_1-eps-converted-to.pdf
 Fig_1.eps>
(epstopdf)             \includegraphics on input line 52.
Package epstopdf Info: Output file is already uptodate.

<Fig_1-eps-converted-to.pdf, id=29, 249.93375pt x 107.40125pt>
File: Fig_1-eps-converted-to.pdf Graphic file (type pdf)

<use Fig_1-eps-converted-to.pdf>
Package pdftex.def Info: Fig_1-eps-converted-to.pdf used on input line 52.
(pdftex.def)             Requested size: 321.2pt x 138.04013pt.
) [5] [6 <./Fig_1-eps-converted-to.pdf>]
Underfull \hbox (badness 10000) in paragraph at lines 141--144

 []


Underfull \hbox (badness 10000) in paragraph at lines 146--149

 []


Overfull \hbox (19.43156pt too wide) in paragraph at lines 146--149
\OT1/cmr/m/n/12 Con esto se puede en-ten-der de man-era gen-eral c^^Somo se rel
a-cio-nan el campo el^^Sectrico macrosc^^Sopico
 []


Underfull \hbox (badness 10000) in paragraph at lines 151--159

 []

[7]
Underfull \hbox (badness 10000) in paragraph at lines 164--167

 []


Underfull \hbox (badness 10000) in paragraph at lines 164--167

 []

[8]
Underfull \hbox (badness 10000) in paragraph at lines 177--180

 []


Underfull \hbox (badness 10000) in paragraph at lines 182--185

 []


Underfull \hbox (badness 10000) in paragraph at lines 191--194

 []


Underfull \hbox (badness 10000) in paragraph at lines 191--194

 []

[9] (./Fig_2.eps_tex
Package epstopdf Info: Source file: <Fig_2.eps>
(epstopdf)                    date: 2018-11-06 16:29:54
(epstopdf)                    size: 3790 bytes
(epstopdf)             Output file: <Fig_2-eps-converted-to.pdf>
(epstopdf)                    date: 2018-11-06 16:29:57
(epstopdf)                    size: 2833 bytes
(epstopdf)             Command: <repstopdf --outfile=Fig_2-eps-converted-to.pdf
 Fig_2.eps>
(epstopdf)             \includegraphics on input line 52.
Package epstopdf Info: Output file is already uptodate.


pdfTeX warning: pdflatex (file ./Fig_2-eps-converted-to.pdf): PDF inclusion: fo
und PDF version <1.7>, but at most version <1.5> allowed
<Fig_2-eps-converted-to.pdf, id=53, 137.51375pt x 203.76125pt>
File: Fig_2-eps-converted-to.pdf Graphic file (type pdf)

<use Fig_2-eps-converted-to.pdf>
Package pdftex.def Info: Fig_2-eps-converted-to.pdf used on input line 52.
(pdftex.def)             Requested size: 200.75pt x 297.48894pt.
)
Underfull \hbox (badness 10000) in paragraph at lines 209--212

 []

[10 <./Fig_2-eps-converted-to.pdf>]
Underfull \hbox (badness 10000) in paragraph at lines 218--220

 []

(./Fig_3.eps_tex
Package epstopdf Info: Source file: <Fig_3.eps>
(epstopdf)                    date: 2018-11-08 12:01:52
(epstopdf)                    size: 5836 bytes
(epstopdf)             Output file: <Fig_3-eps-converted-to.pdf>
(epstopdf)                    date: 2018-11-08 12:01:54
(epstopdf)                    size: 3018 bytes
(epstopdf)             Command: <repstopdf --outfile=Fig_3-eps-converted-to.pdf
 Fig_3.eps>
(epstopdf)             \includegraphics on input line 52.
Package epstopdf Info: Output file is already uptodate.


pdfTeX warning: pdflatex (file ./Fig_3-eps-converted-to.pdf): PDF inclusion: fo
und PDF version <1.7>, but at most version <1.5> allowed
<Fig_3-eps-converted-to.pdf, id=59, 306.14375pt x 144.54pt>
File: Fig_3-eps-converted-to.pdf Graphic file (type pdf)

<use Fig_3-eps-converted-to.pdf>
Package pdftex.def Info: Fig_3-eps-converted-to.pdf used on input line 52.
(pdftex.def)             Requested size: 321.2pt x 151.65677pt.
)
Underfull \hbox (badness 10000) in paragraph at lines 226--229

 []

[11 <./Fig_3-eps-converted-to.pdf>]
Underfull \hbox (badness 10000) in paragraph at lines 232--238

 []

[12] (./Fig_4.eps_tex
Package epstopdf Info: Source file: <Fig_4.eps>
(epstopdf)                    date: 2018-11-12 10:47:26
(epstopdf)                    size: 9935 bytes
(epstopdf)             Output file: <Fig_4-eps-converted-to.pdf>
(epstopdf)                    date: 2018-11-12 10:47:29
(epstopdf)                    size: 3751 bytes
(epstopdf)             Command: <repstopdf --outfile=Fig_4-eps-converted-to.pdf
 Fig_4.eps>
(epstopdf)             \includegraphics on input line 52.
Package epstopdf Info: Output file is already uptodate.


pdfTeX warning: pdflatex (file ./Fig_4-eps-converted-to.pdf): PDF inclusion: fo
und PDF version <1.7>, but at most version <1.5> allowed
<Fig_4-eps-converted-to.pdf, id=69, 330.23375pt x 228.855pt>
File: Fig_4-eps-converted-to.pdf Graphic file (type pdf)

<use Fig_4-eps-converted-to.pdf>
Package pdftex.def Info: Fig_4-eps-converted-to.pdf used on input line 52.
(pdftex.def)             Requested size: 361.34999pt x 250.42825pt.
) [13 <./Fig_4-eps-converted-to.pdf>]
Underfull \hbox (badness 10000) in paragraph at lines 274--278

 []


Underfull \hbox (badness 10000) in paragraph at lines 274--278

 []

[14] <./Imagenes/phi_n.png, id=80, 749.80125pt x 421.575pt>
File: ./Imagenes/phi_n.png Graphic file (type png)

<use ./Imagenes/phi_n.png>
Package pdftex.def Info: ./Imagenes/phi_n.png used on input line 292.
(pdftex.def)             Requested size: 469.75502pt x 264.12056pt.

<./Imagenes/delta_n.png, id=81, 739.76375pt x 438.63875pt>
File: ./Imagenes/delta_n.png Graphic file (type png)

<use ./Imagenes/delta_n.png>
Package pdftex.def Info: ./Imagenes/delta_n.png used on input line 300.
(pdftex.def)             Requested size: 469.75502pt x 278.5392pt.

Underfull \hbox (badness 10000) in paragraph at lines 295--302

 []

[15 <./Imagenes/phi_n.png>]
Underfull \hbox (badness 10000) in paragraph at lines 313--316

 []

[16 <./Imagenes/delta_n.png>]
Underfull \hbox (badness 10000) in paragraph at lines 322--325

 []

[17]
Underfull \hbox (badness 10000) in paragraph at lines 334--336

 []


Underfull \hbox (badness 10000) in paragraph at lines 338--341

 []


Underfull \hbox (badness 10000) in paragraph at lines 353--355

 []

[18]
Underfull \hbox (badness 10000) in paragraph at lines 356--361

 []


Underfull \hbox (badness 10000) in paragraph at lines 356--361

 []


Underfull \hbox (badness 10000) in paragraph at lines 356--361

 []


Underfull \hbox (badness 10000) in paragraph at lines 356--361

 []

[19] [20] (./Informe_Aplicada.aux) ) 
Here is how much of TeX's memory you used:
 5970 strings out of 494910
 84667 string characters out of 6179837
 169662 words of memory out of 5000000
 9126 multiletter control sequences out of 15000+600000
 14170 words of font info for 55 fonts, out of 8000000 for 9000
 36 hyphenation exceptions out of 8191
 38i,21n,43p,1288b,568s stack positions out of 5000i,500n,10000p,200000b,80000s
</usr/share/texlive/texmf-dist/fonts/type1/
public/amsfonts/cm/cmbx12.pfb></usr/share/texlive/texmf-dist/fonts/type1/public
/amsfonts/cm/cmex10.pfb></usr/share/texlive/texmf-dist/fonts/type1/public/amsfo
nts/cm/cmmi10.pfb></usr/share/texlive/texmf-dist/fonts/type1/public/amsfonts/cm
/cmmi12.pfb></usr/share/texlive/texmf-dist/fonts/type1/public/amsfonts/cm/cmmi6
.pfb></usr/share/texlive/texmf-dist/fonts/type1/public/amsfonts/cm/cmmi7.pfb></
usr/share/texlive/texmf-dist/fonts/type1/public/amsfonts/cm/cmmi8.pfb></usr/sha
re/texlive/texmf-dist/fonts/type1/public/amsfonts/cm/cmr10.pfb></usr/share/texl
ive/texmf-dist/fonts/type1/public/amsfonts/cm/cmr12.pfb></usr/share/texlive/tex
mf-dist/fonts/type1/public/amsfonts/cm/cmr17.pfb></usr/share/texlive/texmf-dist
/fonts/type1/public/amsfonts/cm/cmr6.pfb></usr/share/texlive/texmf-dist/fonts/t
ype1/public/amsfonts/cm/cmr7.pfb></usr/share/texlive/texmf-dist/fonts/type1/pub
lic/amsfonts/cm/cmr8.pfb></usr/share/texlive/texmf-dist/fonts/type1/public/amsf
onts/cm/cmsy10.pfb></usr/share/texlive/texmf-dist/fonts/type1/public/amsfonts/c
m/cmsy8.pfb></usr/share/texlive/texmf-dist/fonts/type1/public/amsfonts/cm/cmti1
2.pfb></usr/share/texlive/texmf-dist/fonts/type1/public/amsfonts/cm/cmtt12.pfb>
</usr/share/texlive/texmf-dist/fonts/type1/public/amsfonts/latxfont/line10.pfb>

Output written on Informe_Aplicada.pdf (20 pages, 391628 bytes).
PDF statistics:
 162 PDF objects out of 1000 (max. 8388607)
 109 compressed objects within 2 object streams
 0 named destinations out of 1000 (max. 500000)
 41 words of extra memory for PDF output out of 10000 (max. 10000000)

